This is pdfTeX, Version 3.14159265-2.6-1.40.16 (TeX Live 2015/Debian) (preloaded format=pdflatex 2019.4.13)  5 MAY 2019 22:50
entering extended mode
 restricted \write18 enabled.
 %&-line parsing enabled.
**projekt
(./projekt.tex
LaTeX2e <2016/02/01>
Babel <3.9q> and hyphenation patterns for 5 language(s) loaded.
(./fitthesis.cls
Document Class: fitthesis 2017/11/07 Sablona pro BP/DP
(/usr/share/texlive/texmf-dist/tex/latex/base/report.cls
Document Class: report 2014/09/29 v1.4h Standard LaTeX document class
(/usr/share/texlive/texmf-dist/tex/latex/base/size11.clo
File: size11.clo 2014/09/29 v1.4h Standard LaTeX file (size option)
)
\c@part=\count79
\c@chapter=\count80
\c@section=\count81
\c@subsection=\count82
\c@subsubsection=\count83
\c@paragraph=\count84
\c@subparagraph=\count85
\c@figure=\count86
\c@table=\count87
\abovecaptionskip=\skip41
\belowcaptionskip=\skip42
\bibindent=\dimen102
)
(/usr/share/texlive/texmf-dist/tex/latex/amsmath/amsmath.sty
Package: amsmath 2016/03/03 v2.15a AMS math features
\@mathmargin=\skip43

For additional information on amsmath, use the `?' option.
(/usr/share/texlive/texmf-dist/tex/latex/amsmath/amstext.sty
Package: amstext 2000/06/29 v2.01 AMS text

(/usr/share/texlive/texmf-dist/tex/latex/amsmath/amsgen.sty
File: amsgen.sty 1999/11/30 v2.0 generic functions
\@emptytoks=\toks14
\ex@=\dimen103
))
(/usr/share/texlive/texmf-dist/tex/latex/amsmath/amsbsy.sty
Package: amsbsy 1999/11/29 v1.2d Bold Symbols
\pmbraise@=\dimen104
)
(/usr/share/texlive/texmf-dist/tex/latex/amsmath/amsopn.sty
Package: amsopn 1999/12/14 v2.01 operator names
)
\inf@bad=\count88
LaTeX Info: Redefining \frac on input line 199.
\uproot@=\count89
\leftroot@=\count90
LaTeX Info: Redefining \overline on input line 297.
\classnum@=\count91
\DOTSCASE@=\count92
LaTeX Info: Redefining \ldots on input line 394.
LaTeX Info: Redefining \dots on input line 397.
LaTeX Info: Redefining \cdots on input line 518.
\Mathstrutbox@=\box26
\strutbox@=\box27
\big@size=\dimen105
LaTeX Font Info:    Redeclaring font encoding OML on input line 630.
LaTeX Font Info:    Redeclaring font encoding OMS on input line 631.
\macc@depth=\count93
\c@MaxMatrixCols=\count94
\dotsspace@=\muskip10
\c@parentequation=\count95
\dspbrk@lvl=\count96
\tag@help=\toks15
\row@=\count97
\column@=\count98
\maxfields@=\count99
\andhelp@=\toks16
\eqnshift@=\dimen106
\alignsep@=\dimen107
\tagshift@=\dimen108
\tagwidth@=\dimen109
\totwidth@=\dimen110
\lineht@=\dimen111
\@envbody=\toks17
\multlinegap=\skip44
\multlinetaggap=\skip45
\mathdisplay@stack=\toks18
LaTeX Info: Redefining \[ on input line 2735.
LaTeX Info: Redefining \] on input line 2736.
)
(/usr/share/texlive/texmf-dist/tex/latex/amsfonts/amssymb.sty
Package: amssymb 2013/01/14 v3.01 AMS font symbols

(/usr/share/texlive/texmf-dist/tex/latex/amsfonts/amsfonts.sty
Package: amsfonts 2013/01/14 v3.01 Basic AMSFonts support
\symAMSa=\mathgroup4
\symAMSb=\mathgroup5
LaTeX Font Info:    Overwriting math alphabet `\mathfrak' in version `bold'
(Font)                  U/euf/m/n --> U/euf/b/n on input line 106.
))
(/usr/share/texlive/texmf-dist/tex/generic/babel/babel.sty
Package: babel 2016/02/24 3.9q The Babel package

(/usr/share/texlive/texmf-dist/tex/generic/babel-czech/czech.ldf
Language: czech 2008/07/06 v3.1a Czech support from the babel system

(/usr/share/texlive/texmf-dist/tex/generic/babel/babel.def
File: babel.def 2016/02/24 3.9q Babel common definitions
\babel@savecnt=\count100
\U@D=\dimen112
)
Package babel Info: Making " an active character on input line 172.
\cs@wordlen=\count101
Package babel Info: Making - an active character on input line 226.
)
(/usr/share/texlive/texmf-dist/tex/generic/babel-slovak/slovak.ldf
Language: slovak 2008/07/06 v3.1a Slovak support from the babel system
Package babel Info: Making ^ an active character on input line 123.
Package babel Info: Making ' an active character on input line 129.
LaTeX Info: Redefining \uv on input line 278.
\cs@wordlen=\count102
)
(/usr/share/texlive/texmf-dist/tex/generic/babel-english/english.ldf
Language: english 2012/08/20 v3.3p English support from the babel system
\l@british = a dialect from \language\l@english 
\l@UKenglish = a dialect from \language\l@english 
\l@canadian = a dialect from \language\l@american 
\l@australian = a dialect from \language\l@british 
\l@newzealand = a dialect from \language\l@british 
))
(/usr/share/texlive/texmf-dist/tex/latex/base/inputenc.sty
Package: inputenc 2015/03/17 v1.2c Input encoding file
\inpenc@prehook=\toks19
\inpenc@posthook=\toks20

(/usr/share/texlive/texmf-dist/tex/latex/base/utf8.def
File: utf8.def 2015/12/03 v1.1r UTF-8 support for inputenc
Now handling font encoding OML ...
... no UTF-8 mapping file for font encoding OML
Now handling font encoding T1 ...
... processing UTF-8 mapping file for font encoding T1

(/usr/share/texlive/texmf-dist/tex/latex/base/t1enc.dfu
File: t1enc.dfu 2015/12/03 v1.1r UTF-8 support for inputenc
   defining Unicode char U+00A0 (decimal 160)
   defining Unicode char U+00A1 (decimal 161)
   defining Unicode char U+00A3 (decimal 163)
   defining Unicode char U+00AB (decimal 171)
   defining Unicode char U+00AD (decimal 173)
   defining Unicode char U+00BB (decimal 187)
   defining Unicode char U+00BF (decimal 191)
   defining Unicode char U+00C0 (decimal 192)
   defining Unicode char U+00C1 (decimal 193)
   defining Unicode char U+00C2 (decimal 194)
   defining Unicode char U+00C3 (decimal 195)
   defining Unicode char U+00C4 (decimal 196)
   defining Unicode char U+00C5 (decimal 197)
   defining Unicode char U+00C6 (decimal 198)
   defining Unicode char U+00C7 (decimal 199)
   defining Unicode char U+00C8 (decimal 200)
   defining Unicode char U+00C9 (decimal 201)
   defining Unicode char U+00CA (decimal 202)
   defining Unicode char U+00CB (decimal 203)
   defining Unicode char U+00CC (decimal 204)
   defining Unicode char U+00CD (decimal 205)
   defining Unicode char U+00CE (decimal 206)
   defining Unicode char U+00CF (decimal 207)
   defining Unicode char U+00D0 (decimal 208)
   defining Unicode char U+00D1 (decimal 209)
   defining Unicode char U+00D2 (decimal 210)
   defining Unicode char U+00D3 (decimal 211)
   defining Unicode char U+00D4 (decimal 212)
   defining Unicode char U+00D5 (decimal 213)
   defining Unicode char U+00D6 (decimal 214)
   defining Unicode char U+00D8 (decimal 216)
   defining Unicode char U+00D9 (decimal 217)
   defining Unicode char U+00DA (decimal 218)
   defining Unicode char U+00DB (decimal 219)
   defining Unicode char U+00DC (decimal 220)
   defining Unicode char U+00DD (decimal 221)
   defining Unicode char U+00DE (decimal 222)
   defining Unicode char U+00DF (decimal 223)
   defining Unicode char U+00E0 (decimal 224)
   defining Unicode char U+00E1 (decimal 225)
   defining Unicode char U+00E2 (decimal 226)
   defining Unicode char U+00E3 (decimal 227)
   defining Unicode char U+00E4 (decimal 228)
   defining Unicode char U+00E5 (decimal 229)
   defining Unicode char U+00E6 (decimal 230)
   defining Unicode char U+00E7 (decimal 231)
   defining Unicode char U+00E8 (decimal 232)
   defining Unicode char U+00E9 (decimal 233)
   defining Unicode char U+00EA (decimal 234)
   defining Unicode char U+00EB (decimal 235)
   defining Unicode char U+00EC (decimal 236)
   defining Unicode char U+00ED (decimal 237)
   defining Unicode char U+00EE (decimal 238)
   defining Unicode char U+00EF (decimal 239)
   defining Unicode char U+00F0 (decimal 240)
   defining Unicode char U+00F1 (decimal 241)
   defining Unicode char U+00F2 (decimal 242)
   defining Unicode char U+00F3 (decimal 243)
   defining Unicode char U+00F4 (decimal 244)
   defining Unicode char U+00F5 (decimal 245)
   defining Unicode char U+00F6 (decimal 246)
   defining Unicode char U+00F8 (decimal 248)
   defining Unicode char U+00F9 (decimal 249)
   defining Unicode char U+00FA (decimal 250)
   defining Unicode char U+00FB (decimal 251)
   defining Unicode char U+00FC (decimal 252)
   defining Unicode char U+00FD (decimal 253)
   defining Unicode char U+00FE (decimal 254)
   defining Unicode char U+00FF (decimal 255)
   defining Unicode char U+0100 (decimal 256)
   defining Unicode char U+0101 (decimal 257)
   defining Unicode char U+0102 (decimal 258)
   defining Unicode char U+0103 (decimal 259)
   defining Unicode char U+0104 (decimal 260)
   defining Unicode char U+0105 (decimal 261)
   defining Unicode char U+0106 (decimal 262)
   defining Unicode char U+0107 (decimal 263)
   defining Unicode char U+0108 (decimal 264)
   defining Unicode char U+0109 (decimal 265)
   defining Unicode char U+010A (decimal 266)
   defining Unicode char U+010B (decimal 267)
   defining Unicode char U+010C (decimal 268)
   defining Unicode char U+010D (decimal 269)
   defining Unicode char U+010E (decimal 270)
   defining Unicode char U+010F (decimal 271)
   defining Unicode char U+0110 (decimal 272)
   defining Unicode char U+0111 (decimal 273)
   defining Unicode char U+0112 (decimal 274)
   defining Unicode char U+0113 (decimal 275)
   defining Unicode char U+0114 (decimal 276)
   defining Unicode char U+0115 (decimal 277)
   defining Unicode char U+0116 (decimal 278)
   defining Unicode char U+0117 (decimal 279)
   defining Unicode char U+0118 (decimal 280)
   defining Unicode char U+0119 (decimal 281)
   defining Unicode char U+011A (decimal 282)
   defining Unicode char U+011B (decimal 283)
   defining Unicode char U+011C (decimal 284)
   defining Unicode char U+011D (decimal 285)
   defining Unicode char U+011E (decimal 286)
   defining Unicode char U+011F (decimal 287)
   defining Unicode char U+0120 (decimal 288)
   defining Unicode char U+0121 (decimal 289)
   defining Unicode char U+0122 (decimal 290)
   defining Unicode char U+0123 (decimal 291)
   defining Unicode char U+0124 (decimal 292)
   defining Unicode char U+0125 (decimal 293)
   defining Unicode char U+0128 (decimal 296)
   defining Unicode char U+0129 (decimal 297)
   defining Unicode char U+012A (decimal 298)
   defining Unicode char U+012B (decimal 299)
   defining Unicode char U+012C (decimal 300)
   defining Unicode char U+012D (decimal 301)
   defining Unicode char U+012E (decimal 302)
   defining Unicode char U+012F (decimal 303)
   defining Unicode char U+0130 (decimal 304)
   defining Unicode char U+0131 (decimal 305)
   defining Unicode char U+0132 (decimal 306)
   defining Unicode char U+0133 (decimal 307)
   defining Unicode char U+0134 (decimal 308)
   defining Unicode char U+0135 (decimal 309)
   defining Unicode char U+0136 (decimal 310)
   defining Unicode char U+0137 (decimal 311)
   defining Unicode char U+0139 (decimal 313)
   defining Unicode char U+013A (decimal 314)
   defining Unicode char U+013B (decimal 315)
   defining Unicode char U+013C (decimal 316)
   defining Unicode char U+013D (decimal 317)
   defining Unicode char U+013E (decimal 318)
   defining Unicode char U+0141 (decimal 321)
   defining Unicode char U+0142 (decimal 322)
   defining Unicode char U+0143 (decimal 323)
   defining Unicode char U+0144 (decimal 324)
   defining Unicode char U+0145 (decimal 325)
   defining Unicode char U+0146 (decimal 326)
   defining Unicode char U+0147 (decimal 327)
   defining Unicode char U+0148 (decimal 328)
   defining Unicode char U+014A (decimal 330)
   defining Unicode char U+014B (decimal 331)
   defining Unicode char U+014C (decimal 332)
   defining Unicode char U+014D (decimal 333)
   defining Unicode char U+014E (decimal 334)
   defining Unicode char U+014F (decimal 335)
   defining Unicode char U+0150 (decimal 336)
   defining Unicode char U+0151 (decimal 337)
   defining Unicode char U+0152 (decimal 338)
   defining Unicode char U+0153 (decimal 339)
   defining Unicode char U+0154 (decimal 340)
   defining Unicode char U+0155 (decimal 341)
   defining Unicode char U+0156 (decimal 342)
   defining Unicode char U+0157 (decimal 343)
   defining Unicode char U+0158 (decimal 344)
   defining Unicode char U+0159 (decimal 345)
   defining Unicode char U+015A (decimal 346)
   defining Unicode char U+015B (decimal 347)
   defining Unicode char U+015C (decimal 348)
   defining Unicode char U+015D (decimal 349)
   defining Unicode char U+015E (decimal 350)
   defining Unicode char U+015F (decimal 351)
   defining Unicode char U+0160 (decimal 352)
   defining Unicode char U+0161 (decimal 353)
   defining Unicode char U+0162 (decimal 354)
   defining Unicode char U+0163 (decimal 355)
   defining Unicode char U+0164 (decimal 356)
   defining Unicode char U+0165 (decimal 357)
   defining Unicode char U+0168 (decimal 360)
   defining Unicode char U+0169 (decimal 361)
   defining Unicode char U+016A (decimal 362)
   defining Unicode char U+016B (decimal 363)
   defining Unicode char U+016C (decimal 364)
   defining Unicode char U+016D (decimal 365)
   defining Unicode char U+016E (decimal 366)
   defining Unicode char U+016F (decimal 367)
   defining Unicode char U+0170 (decimal 368)
   defining Unicode char U+0171 (decimal 369)
   defining Unicode char U+0172 (decimal 370)
   defining Unicode char U+0173 (decimal 371)
   defining Unicode char U+0174 (decimal 372)
   defining Unicode char U+0175 (decimal 373)
   defining Unicode char U+0176 (decimal 374)
   defining Unicode char U+0177 (decimal 375)
   defining Unicode char U+0178 (decimal 376)
   defining Unicode char U+0179 (decimal 377)
   defining Unicode char U+017A (decimal 378)
   defining Unicode char U+017B (decimal 379)
   defining Unicode char U+017C (decimal 380)
   defining Unicode char U+017D (decimal 381)
   defining Unicode char U+017E (decimal 382)
   defining Unicode char U+01CD (decimal 461)
   defining Unicode char U+01CE (decimal 462)
   defining Unicode char U+01CF (decimal 463)
   defining Unicode char U+01D0 (decimal 464)
   defining Unicode char U+01D1 (decimal 465)
   defining Unicode char U+01D2 (decimal 466)
   defining Unicode char U+01D3 (decimal 467)
   defining Unicode char U+01D4 (decimal 468)
   defining Unicode char U+01E2 (decimal 482)
   defining Unicode char U+01E3 (decimal 483)
   defining Unicode char U+01E6 (decimal 486)
   defining Unicode char U+01E7 (decimal 487)
   defining Unicode char U+01E8 (decimal 488)
   defining Unicode char U+01E9 (decimal 489)
   defining Unicode char U+01EA (decimal 490)
   defining Unicode char U+01EB (decimal 491)
   defining Unicode char U+01F0 (decimal 496)
   defining Unicode char U+01F4 (decimal 500)
   defining Unicode char U+01F5 (decimal 501)
   defining Unicode char U+0218 (decimal 536)
   defining Unicode char U+0219 (decimal 537)
   defining Unicode char U+021A (decimal 538)
   defining Unicode char U+021B (decimal 539)
   defining Unicode char U+01E02 (decimal 7682)
   defining Unicode char U+01E03 (decimal 7683)
   defining Unicode char U+200C (decimal 8204)
   defining Unicode char U+2013 (decimal 8211)
   defining Unicode char U+2014 (decimal 8212)
   defining Unicode char U+2018 (decimal 8216)
   defining Unicode char U+2019 (decimal 8217)
   defining Unicode char U+201A (decimal 8218)
   defining Unicode char U+201C (decimal 8220)
   defining Unicode char U+201D (decimal 8221)
   defining Unicode char U+201E (decimal 8222)
   defining Unicode char U+2030 (decimal 8240)
   defining Unicode char U+2031 (decimal 8241)
   defining Unicode char U+2039 (decimal 8249)
   defining Unicode char U+203A (decimal 8250)
   defining Unicode char U+2423 (decimal 9251)
)
Now handling font encoding OT1 ...
... processing UTF-8 mapping file for font encoding OT1

(/usr/share/texlive/texmf-dist/tex/latex/base/ot1enc.dfu
File: ot1enc.dfu 2015/12/03 v1.1r UTF-8 support for inputenc
   defining Unicode char U+00A0 (decimal 160)
   defining Unicode char U+00A1 (decimal 161)
   defining Unicode char U+00A3 (decimal 163)
   defining Unicode char U+00AD (decimal 173)
   defining Unicode char U+00B8 (decimal 184)
   defining Unicode char U+00BF (decimal 191)
   defining Unicode char U+00C5 (decimal 197)
   defining Unicode char U+00C6 (decimal 198)
   defining Unicode char U+00D8 (decimal 216)
   defining Unicode char U+00DF (decimal 223)
   defining Unicode char U+00E6 (decimal 230)
   defining Unicode char U+00EC (decimal 236)
   defining Unicode char U+00ED (decimal 237)
   defining Unicode char U+00EE (decimal 238)
   defining Unicode char U+00EF (decimal 239)
   defining Unicode char U+00F8 (decimal 248)
   defining Unicode char U+0131 (decimal 305)
   defining Unicode char U+0141 (decimal 321)
   defining Unicode char U+0142 (decimal 322)
   defining Unicode char U+0152 (decimal 338)
   defining Unicode char U+0153 (decimal 339)
   defining Unicode char U+0174 (decimal 372)
   defining Unicode char U+0175 (decimal 373)
   defining Unicode char U+0176 (decimal 374)
   defining Unicode char U+0177 (decimal 375)
   defining Unicode char U+0218 (decimal 536)
   defining Unicode char U+0219 (decimal 537)
   defining Unicode char U+021A (decimal 538)
   defining Unicode char U+021B (decimal 539)
   defining Unicode char U+2013 (decimal 8211)
   defining Unicode char U+2014 (decimal 8212)
   defining Unicode char U+2018 (decimal 8216)
   defining Unicode char U+2019 (decimal 8217)
   defining Unicode char U+201C (decimal 8220)
   defining Unicode char U+201D (decimal 8221)
)
Now handling font encoding OMS ...
... processing UTF-8 mapping file for font encoding OMS

(/usr/share/texlive/texmf-dist/tex/latex/base/omsenc.dfu
File: omsenc.dfu 2015/12/03 v1.1r UTF-8 support for inputenc
   defining Unicode char U+00A7 (decimal 167)
   defining Unicode char U+00B6 (decimal 182)
   defining Unicode char U+00B7 (decimal 183)
   defining Unicode char U+2020 (decimal 8224)
   defining Unicode char U+2021 (decimal 8225)
   defining Unicode char U+2022 (decimal 8226)
)
Now handling font encoding OMX ...
... no UTF-8 mapping file for font encoding OMX
Now handling font encoding U ...
... no UTF-8 mapping file for font encoding U
   defining Unicode char U+00A9 (decimal 169)
   defining Unicode char U+00AA (decimal 170)
   defining Unicode char U+00AE (decimal 174)
   defining Unicode char U+00BA (decimal 186)
   defining Unicode char U+02C6 (decimal 710)
   defining Unicode char U+02DC (decimal 732)
   defining Unicode char U+200C (decimal 8204)
   defining Unicode char U+2026 (decimal 8230)
   defining Unicode char U+2122 (decimal 8482)
   defining Unicode char U+2423 (decimal 9251)
))
(/usr/share/texlive/texmf-dist/tex/latex/base/fontenc.sty
Package: fontenc 2005/09/27 v1.99g Standard LaTeX package

(/usr/share/texlive/texmf-dist/tex/latex/base/t1enc.def
File: t1enc.def 2005/09/27 v1.99g Standard LaTeX file
LaTeX Font Info:    Redeclaring font encoding T1 on input line 48.
))
(/usr/share/texlive/texmf-dist/tex/latex/cmap/cmap.sty
Package: cmap 2008/03/06 v1.0h CMap support: searchable PDF


Package cmap Warning: fontenc already loaded - some fonts may be unprocessed.

) (/usr/share/texlive/texmf-dist/tex/latex/url/url.sty
\Urlmuskip=\muskip11
Package: url 2013/09/16  ver 3.4  Verb mode for urls, etc.
)
(/usr/share/texlive/texmf-dist/tex/latex/ms/ragged2e.sty
Package: ragged2e 2009/05/21 v2.1 ragged2e Package (MS)

(/usr/share/texlive/texmf-dist/tex/latex/ms/everysel.sty
Package: everysel 2011/10/28 v1.2 EverySelectfont Package (MS)
)
\CenteringLeftskip=\skip46
\RaggedLeftLeftskip=\skip47
\RaggedRightLeftskip=\skip48
\CenteringRightskip=\skip49
\RaggedLeftRightskip=\skip50
\RaggedRightRightskip=\skip51
\CenteringParfillskip=\skip52
\RaggedLeftParfillskip=\skip53
\RaggedRightParfillskip=\skip54
\JustifyingParfillskip=\skip55
\CenteringParindent=\skip56
\RaggedLeftParindent=\skip57
\RaggedRightParindent=\skip58
\JustifyingParindent=\skip59
)
(/usr/share/texlive/texmf-dist/tex/latex/graphics/color.sty
Package: color 2016/01/03 v1.1b Standard LaTeX Color (DPC)

(/usr/share/texlive/texmf-dist/tex/latex/latexconfig/color.cfg
File: color.cfg 2007/01/18 v1.5 color configuration of teTeX/TeXLive
)
Package color Info: Driver file: pdftex.def on input line 143.

(/usr/share/texlive/texmf-dist/tex/latex/pdftex-def/pdftex.def
File: pdftex.def 2011/05/27 v0.06d Graphics/color for pdfTeX

(/usr/share/texlive/texmf-dist/tex/generic/oberdiek/infwarerr.sty
Package: infwarerr 2010/04/08 v1.3 Providing info/warning/error messages (HO)
)
(/usr/share/texlive/texmf-dist/tex/generic/oberdiek/ltxcmds.sty
Package: ltxcmds 2011/11/09 v1.22 LaTeX kernel commands for general use (HO)
)
\Gread@gobject=\count103
))
(/usr/share/texlive/texmf-dist/tex/latex/etoolbox/etoolbox.sty
Package: etoolbox 2015/08/02 v2.2a e-TeX tools for LaTeX (JAW)
\etb@tempcnta=\count104
)
(/usr/share/texlive/texmf-dist/tex/latex/enumitem/enumitem.sty
Package: enumitem 2011/09/28 v3.5.2 Customized lists
\enitkv@toks@=\toks21
\labelindent=\skip60
\enit@outerparindent=\dimen113
\enit@toks=\toks22
\enit@inbox=\box28
\enitdp@description=\count105
)
(/usr/share/texlive/texmf-dist/tex/latex/pdfpages/pdfpages.sty
Package: pdfpages 2015/09/18 v0.5d Insert pages of external PDF documents (AM)

(/usr/share/texlive/texmf-dist/tex/latex/base/ifthen.sty
Package: ifthen 2014/09/29 v1.1c Standard LaTeX ifthen package (DPC)
)
(/usr/share/texlive/texmf-dist/tex/latex/tools/calc.sty
Package: calc 2014/10/28 v4.3 Infix arithmetic (KKT,FJ)
\calc@Acount=\count106
\calc@Bcount=\count107
\calc@Adimen=\dimen114
\calc@Bdimen=\dimen115
\calc@Askip=\skip61
\calc@Bskip=\skip62
LaTeX Info: Redefining \setlength on input line 80.
LaTeX Info: Redefining \addtolength on input line 81.
\calc@Ccount=\count108
\calc@Cskip=\skip63
)
(/usr/share/texlive/texmf-dist/tex/latex/eso-pic/eso-pic.sty
Package: eso-pic 2015/07/21 v2.0g eso-pic (RN)

(/usr/share/texlive/texmf-dist/tex/generic/oberdiek/atbegshi.sty
Package: atbegshi 2011/10/05 v1.16 At begin shipout hook (HO)

(/usr/share/texlive/texmf-dist/tex/generic/oberdiek/ifpdf.sty
Package: ifpdf 2011/01/30 v2.3 Provides the ifpdf switch (HO)
Package ifpdf Info: pdfTeX in PDF mode is detected.
))
(/usr/share/texlive/texmf-dist/tex/latex/graphics/keyval.sty
Package: keyval 2014/10/28 v1.15 key=value parser (DPC)
\KV@toks@=\toks23
))
(/usr/share/texlive/texmf-dist/tex/latex/graphics/graphicx.sty
Package: graphicx 2014/10/28 v1.0g Enhanced LaTeX Graphics (DPC,SPQR)

(/usr/share/texlive/texmf-dist/tex/latex/graphics/graphics.sty
Package: graphics 2016/01/03 v1.0q Standard LaTeX Graphics (DPC,SPQR)

(/usr/share/texlive/texmf-dist/tex/latex/graphics/trig.sty
Package: trig 2016/01/03 v1.10 sin cos tan (DPC)
)
(/usr/share/texlive/texmf-dist/tex/latex/latexconfig/graphics.cfg
File: graphics.cfg 2010/04/23 v1.9 graphics configuration of TeX Live
)
Package graphics Info: Driver file: pdftex.def on input line 95.
)
\Gin@req@height=\dimen116
\Gin@req@width=\dimen117
)
\AM@pagewidth=\dimen118
\AM@pageheight=\dimen119

(/usr/share/texlive/texmf-dist/tex/latex/pdfpages/pppdftex.def
File: pppdftex.def 2015/09/18 v0.5d Pdfpages driver for pdfTeX (AM)
)
\AM@pagebox=\box29
\AM@toc@title=\toks24
\c@AM@survey=\count109
\AM@templatesizebox=\box30
)
\mkspc=\skip64
\DESCRIPTION@totalleftmargin=\skip65
\DESCRIPTION@linewidth=\skip66


! LaTeX Error: File `opensans.sty' not found.

Type X to quit or <RETURN> to proceed,
or enter new name. (Default extension: sty)

Enter file name: /home/furdys/Documents/opensans.sty
(/home/furdys/Documents/opensans.sty
Package: opensans 2011/11/11 Opensans

(/usr/share/texlive/texmf-dist/tex/latex/slantsc/slantsc.sty
Package: slantsc 2012/01/01 v2.11 Provide Slanted an Italic Small Caps
LaTeX Info: Redefining \upshape on input line 35.
LaTeX Info: Redefining \slshape on input line 45.
LaTeX Info: Redefining \itshape on input line 55.
LaTeX Info: Redefining \scshape on input line 65.
))
(/usr/share/texlive/texmf-dist/tex/latex/base/fontenc.sty
Package: fontenc 2005/09/27 v1.99g Standard LaTeX package

(/usr/share/texlive/texmf-dist/tex/latex/base/t1enc.def
File: t1enc.def 2005/09/27 v1.99g Standard LaTeX file
LaTeX Font Info:    Redeclaring font encoding T1 on input line 48.
))
(/usr/share/texlive/texmf-dist/tex/latex/float/float.sty
Package: float 2001/11/08 v1.3d Float enhancements (AL)
\c@float@type=\count110
\float@exts=\toks25
\float@box=\box31
\@float@everytoks=\toks26
\@floatcapt=\box32
)
(/usr/share/texlive/texmf-dist/tex/latex/tools/longtable.sty
Package: longtable 2014/10/28 v4.11 Multi-page Table package (DPC)
\LTleft=\skip67
\LTright=\skip68
\LTpre=\skip69
\LTpost=\skip70
\LTchunksize=\count111
\LTcapwidth=\dimen120
\LT@head=\box33
\LT@firsthead=\box34
\LT@foot=\box35
\LT@lastfoot=\box36
\LT@cols=\count112
\LT@rows=\count113
\c@LT@tables=\count114
\c@LT@chunks=\count115
\LT@p@ftn=\toks27
)
(/usr/share/texlive/texmf-dist/tex/latex/booktabs/booktabs.sty
Package: booktabs 2005/04/14 v1.61803 publication quality tables
\heavyrulewidth=\dimen121
\lightrulewidth=\dimen122
\cmidrulewidth=\dimen123
\belowrulesep=\dimen124
\belowbottomsep=\dimen125
\aboverulesep=\dimen126
\abovetopsep=\dimen127
\cmidrulesep=\dimen128
\cmidrulekern=\dimen129
\defaultaddspace=\dimen130
\@cmidla=\count116
\@cmidlb=\count117
\@aboverulesep=\dimen131
\@belowrulesep=\dimen132
\@thisruleclass=\count118
\@lastruleclass=\count119
\@thisrulewidth=\dimen133
)
(/usr/share/texlive/texmf-dist/tex/latex/xcolor/xcolor.sty
Package: xcolor 2007/01/21 v2.11 LaTeX color extensions (UK)

(/usr/share/texlive/texmf-dist/tex/latex/latexconfig/color.cfg
File: color.cfg 2007/01/18 v1.5 color configuration of teTeX/TeXLive
)
Package xcolor Info: Driver file: pdftex.def on input line 225.
LaTeX Info: Redefining \color on input line 702.
Package xcolor Info: Model `cmy' substituted by `cmy0' on input line 1337.
Package xcolor Info: Model `hsb' substituted by `rgb' on input line 1341.
Package xcolor Info: Model `RGB' extended on input line 1353.
Package xcolor Info: Model `HTML' substituted by `rgb' on input line 1355.
Package xcolor Info: Model `Hsb' substituted by `hsb' on input line 1356.
Package xcolor Info: Model `tHsb' substituted by `hsb' on input line 1357.
Package xcolor Info: Model `HSB' substituted by `hsb' on input line 1358.
Package xcolor Info: Model `Gray' substituted by `gray' on input line 1359.
Package xcolor Info: Model `wave' substituted by `hsb' on input line 1360.
)
(/usr/share/texlive/texmf-dist/tex/latex/colortbl/colortbl.sty
Package: colortbl 2012/02/13 v1.0a Color table columns (DPC)

(/usr/share/texlive/texmf-dist/tex/latex/tools/array.sty
Package: array 2014/10/28 v2.4c Tabular extension package (FMi)
\col@sep=\dimen134
\extrarowheight=\dimen135
\NC@list=\toks28
\extratabsurround=\skip71
\backup@length=\skip72
)
\everycr=\toks29
\minrowclearance=\skip73
)
(/usr/share/texlive/texmf-dist/tex/latex/multirow/multirow.sty
\bigstrutjot=\dimen136
)
(/usr/share/texlive/texmf-dist/tex/latex/tools/tabularx.sty
Package: tabularx 2014/10/28 v2.10 `tabularx' package (DPC)
\TX@col@width=\dimen137
\TX@old@table=\dimen138
\TX@old@col=\dimen139
\TX@target=\dimen140
\TX@delta=\dimen141
\TX@cols=\count120
\TX@ftn=\toks30
)
(/usr/share/texlive/texmf-dist/tex/latex/blindtext/blindtext.sty
Package: blindtext 2012/01/06 V2.0 blindtext-Package

(/usr/share/texlive/texmf-dist/tex/latex/tools/xspace.sty
Package: xspace 2014/10/28 v1.13 Space after command names (DPC,MH)
)
\c@blindtext=\count121
\c@Blindtext=\count122
\c@blind@countparstart=\count123
\blind@countxx=\count124
\blindtext@numBlindtext=\count125
\blind@countyy=\count126
\c@blindlist=\count127
\c@blindlistlevel=\count128
\c@blindlist@level=\count129
\blind@listitem=\count130
\c@blind@listcount=\count131
\c@blind@levelcount=\count132
\blind@mathformula=\count133
\blind@Mathformula=\count134
\c@blind@randomcount=\count135
\c@blind@randommax=\count136
\c@blind@pangramcount=\count137
\c@blind@pangrammax=\count138
)
(/usr/share/texlive/texmf-dist/tex/latex/listings/listings.sty
\lst@mode=\count139
\lst@gtempboxa=\box37
\lst@token=\toks31
\lst@length=\count140
\lst@currlwidth=\dimen142
\lst@column=\count141
\lst@pos=\count142
\lst@lostspace=\dimen143
\lst@width=\dimen144
\lst@newlines=\count143
\lst@lineno=\count144
\lst@maxwidth=\dimen145

(/usr/share/texlive/texmf-dist/tex/latex/listings/lstmisc.sty
File: lstmisc.sty 2015/06/04 1.6 (Carsten Heinz)
\c@lstnumber=\count145
\lst@skipnumbers=\count146
\lst@framebox=\box38
)
(/usr/share/texlive/texmf-dist/tex/latex/listings/listings.cfg
File: listings.cfg 2015/06/04 1.6 listings configuration
))
Package: listings 2015/06/04 1.6 (Carsten Heinz)

(/usr/share/texlive/texmf-dist/tex/latex/appendix/appendix.sty
Package: appendix 2009/09/02 v1.2b extra appendix facilities
\c@@pps=\count147
\c@@ppsavesec=\count148
\c@@ppsaveapp=\count149
)
(/usr/share/texlive/texmf-dist/tex/latex/titlesec/titletoc.sty
Package: titletoc 2011/12/15 v1.6 TOC entries
\ttl@leftsep=\dimen146
)
(/usr/share/texlive/texmf-dist/tex/latex/ae/ae.sty
Package: ae 2001/02/12 1.3 Almost European Computer Modern

(/usr/share/texlive/texmf-dist/tex/latex/base/fontenc.sty
Package: fontenc 2005/09/27 v1.99g Standard LaTeX package

(/usr/share/texlive/texmf-dist/tex/latex/base/t1enc.def
File: t1enc.def 2005/09/27 v1.99g Standard LaTeX file
LaTeX Font Info:    Redeclaring font encoding T1 on input line 48.
)
LaTeX Font Info:    Try loading font information for T1+aer on input line 105.

(/usr/share/texlive/texmf-dist/tex/latex/ae/t1aer.fd
File: t1aer.fd 1997/11/16 Font definitions for T1/aer.
)<<t1.cmap>>))
(/usr/share/texlive/texmf-dist/tex/latex/regexpatch/regexpatch.sty
(/usr/share/texlive/texmf-dist/tex/latex/l3kernel/expl3.sty
Package: expl3 2016/01/19 v6377 L3 programming layer (loader) 

(/usr/share/texlive/texmf-dist/tex/latex/l3kernel/expl3-code.tex
Package: expl3 2016/01/19 v6377 L3 programming layer (code)
L3 Module: l3bootstrap 2016/01/01 v6339 L3 Bootstrap code
L3 Module: l3names 2015/12/21 v6328 L3 Namespace for primitives
L3 Module: l3basics 2015/11/22 v6315 L3 Basic definitions
L3 Module: l3expan 2015/09/10 v5983 L3 Argument expansion
L3 Module: l3tl 2015/09/29 v6121 L3 Token lists
L3 Module: l3str 2016/01/03 v6357 L3 Strings
L3 Module: l3seq 2015/08/05 v5777 L3 Sequences and stacks
L3 Module: l3int 2016/01/05 v6366 L3 Integers
\c_max_int=\count150
\l_tmpa_int=\count151
\l_tmpb_int=\count152
\g_tmpa_int=\count153
\g_tmpb_int=\count154
L3 Module: l3quark 2015/08/17 v5855 L3 Quarks
L3 Module: l3prg 2015/11/01 v6216 L3 Control structures
\g__prg_map_int=\count155
L3 Module: l3clist 2015/09/02 v5901 L3 Comma separated lists
L3 Module: l3token 2015/11/11 v6249 L3 Experimental token manipulation
L3 Module: l3prop 2016/01/05 v6366 L3 Property lists
L3 Module: l3msg 2015/09/28 v6113 L3 Messages
L3 Module: l3file 2015/12/03 v6317 L3 File and I/O operations
\l_iow_line_count_int=\count156
\l__iow_target_count_int=\count157
\l__iow_current_line_int=\count158
\l__iow_current_word_int=\count159
\l__iow_current_indentation_int=\count160
L3 Module: l3skip 2016/01/05 v6366 L3 Dimensions and skips
\c_zero_dim=\dimen147
\c_max_dim=\dimen148
\l_tmpa_dim=\dimen149
\l_tmpb_dim=\dimen150
\g_tmpa_dim=\dimen151
\g_tmpb_dim=\dimen152
\c_zero_skip=\skip74
\c_max_skip=\skip75
\l_tmpa_skip=\skip76
\l_tmpb_skip=\skip77
\g_tmpa_skip=\skip78
\g_tmpb_skip=\skip79
\c_zero_muskip=\muskip12
\c_max_muskip=\muskip13
\l_tmpa_muskip=\muskip14
\l_tmpb_muskip=\muskip15
\g_tmpa_muskip=\muskip16
\g_tmpb_muskip=\muskip17
L3 Module: l3keys 2015/11/17 v6284 L3 Key-value interfaces
\g__keyval_level_int=\count161
\l_keys_choice_int=\count162
L3 Module: l3fp 2015/08/25 v5890 L3 Floating points
\c__fp_leading_shift_int=\count163
\c__fp_middle_shift_int=\count164
\c__fp_trailing_shift_int=\count165
\c__fp_big_leading_shift_int=\count166
\c__fp_big_middle_shift_int=\count167
\c__fp_big_trailing_shift_int=\count168
\c__fp_Bigg_leading_shift_int=\count169
\c__fp_Bigg_middle_shift_int=\count170
\c__fp_Bigg_trailing_shift_int=\count171
L3 Module: l3box 2015/08/09 v5822 L3 Experimental boxes
\c_empty_box=\box39
\l_tmpa_box=\box40
\l_tmpb_box=\box41
\g_tmpa_box=\box42
\g_tmpb_box=\box43
L3 Module: l3coffins 2015/08/06 v5789 L3 Coffin code layer
\l__coffin_internal_box=\box44
\l__coffin_internal_dim=\dimen153
\l__coffin_offset_x_dim=\dimen154
\l__coffin_offset_y_dim=\dimen155
\l__coffin_x_dim=\dimen156
\l__coffin_y_dim=\dimen157
\l__coffin_x_prime_dim=\dimen158
\l__coffin_y_prime_dim=\dimen159
\c_empty_coffin=\box45
\l__coffin_aligned_coffin=\box46
\l__coffin_aligned_internal_coffin=\box47
\l_tmpa_coffin=\box48
\l_tmpb_coffin=\box49
\l__coffin_display_coffin=\box50
\l__coffin_display_coord_coffin=\box51
\l__coffin_display_pole_coffin=\box52
\l__coffin_display_offset_dim=\dimen160
\l__coffin_display_x_dim=\dimen161
\l__coffin_display_y_dim=\dimen162
L3 Module: l3color 2014/08/23 v5354 L3 Experimental color support
L3 Module: l3sys 2015/09/25 v6087 L3 Experimental system/runtime functions
L3 Module: l3candidates 2016/01/14 v6376 L3 Experimental additions to l3kernel
\l__box_top_dim=\dimen163
\l__box_bottom_dim=\dimen164
\l__box_left_dim=\dimen165
\l__box_right_dim=\dimen166
\l__box_top_new_dim=\dimen167
\l__box_bottom_new_dim=\dimen168
\l__box_left_new_dim=\dimen169
\l__box_right_new_dim=\dimen170
\l__box_internal_box=\box53
\l__coffin_bounding_shift_dim=\dimen171
\l__coffin_left_corner_dim=\dimen172
\l__coffin_right_corner_dim=\dimen173
\l__coffin_bottom_corner_dim=\dimen174
\l__coffin_top_corner_dim=\dimen175
\l__coffin_scaled_total_height_dim=\dimen176
\l__coffin_scaled_width_dim=\dimen177
L3 Module: l3luatex 2015/11/11 v6250 L3 Experimental LuaTeX-specific functions
)
(/usr/share/texlive/texmf-dist/tex/latex/l3kernel/l3pdfmode.def
File: l3pdfmode.def 2015/11/11 v6250 L3 Experimental driver: PDF mode
\l__driver_color_stack_int=\count172
))
Package: regexpatch 2015/05/20 v0.2a Extending etoolbox patching commands

(/usr/share/texlive/texmf-dist/tex/latex/l3packages/xparse/xparse.sty
Package: xparse 2016/01/19 v6377 L3 Experimental document command parser
\l__xparse_current_arg_int=\count173
\l__xparse_m_args_int=\count174
\l__xparse_mandatory_args_int=\count175
\l__xparse_processor_int=\count176
\l__xparse_v_nesting_int=\count177
)
(/usr/share/texlive/texmf-dist/tex/latex/l3experimental/l3str/l3regex.sty
Package: l3regex 2016/01/19 v6377 L3 Experimental regular expressions

(/usr/share/texlive/texmf-dist/tex/latex/l3experimental/l3str/l3tl-build.sty
Package: l3tl-build 2016/01/19 v6377 L3 Experimental token list construction
\l__tl_build_start_index_int=\count178
\l__tl_build_index_int=\count179
)
(/usr/share/texlive/texmf-dist/tex/latex/l3experimental/l3str/l3tl-analysis.sty
Package: l3tl-analysis 2015/11/09 v6244 L3 Experimental token lists analysis
\l__tl_analysis_normal_int=\count180
\l__tl_analysis_index_int=\count181
\l__tl_analysis_nesting_int=\count182
\l__tl_analysis_type_int=\count183
) (/usr/share/texlive/texmf-dist/tex/latex/l3experimental/l3str/l3flag.sty
Package: l3flag 2016/01/19 v6377 L3 Experimental flags
)
(/usr/share/texlive/texmf-dist/tex/latex/l3experimental/l3str/l3str-convert.sty
Package: l3str-convert 2015/09/26 v6106 L3 Experimental string encoding convers
ions
\l__str_internal_int=\count184
\c__str_replacement_char_int=\count185
)
\l__regex_internal_a_int=\count186
\l__regex_internal_b_int=\count187
\l__regex_internal_c_int=\count188
\l__regex_balance_int=\count189
\l__regex_group_level_int=\count190
\l__regex_mode_int=\count191
\l__regex_catcodes_int=\count192
\l__regex_default_catcodes_int=\count193
\c__regex_catcode_D_int=\count194
\c__regex_catcode_S_int=\count195
\c__regex_catcode_L_int=\count196
\c__regex_catcode_O_int=\count197
\c__regex_catcode_A_int=\count198
\c__regex_all_catcodes_int=\count199
\l__regex_show_lines_int=\count266
\l__regex_min_state_int=\count267
\l__regex_max_state_int=\count268
\l__regex_left_state_int=\count269
\l__regex_right_state_int=\count270
\l__regex_capturing_group_int=\count271
\l__regex_min_pos_int=\count272
\l__regex_max_pos_int=\count273
\l__regex_current_pos_int=\count274
\l__regex_start_pos_int=\count275
\l__regex_success_pos_int=\count276
\l__regex_current_char_int=\count277
\l__regex_current_catcode_int=\count278
\l__regex_last_char_int=\count279
\l__regex_case_changed_char_int=\count280
\l__regex_current_state_int=\count281
\l__regex_step_int=\count282
\l__regex_min_active_int=\count283
\l__regex_max_active_int=\count284
\l__regex_replacement_csnames_int=\count285
\l__regex_match_count_int=\count286
\l__regex_submatch_int=\count287
\l__regex_zeroth_submatch_int=\count288
)
.................................................
. LaTeX info: "xparse/define-command"
. 
. Defining command \xshowcmd with sig. 's+m' on line 374.
.................................................
.................................................
. LaTeX info: "xparse/define-command"
. 
. Defining command \xpretocmd with sig. '+m+m+m+m' on line 376.
.................................................
.................................................
. LaTeX info: "xparse/define-command"
. 
. Defining command \xapptocmd with sig. '+m+m+m+m' on line 378.
.................................................
.................................................
. LaTeX info: "xparse/define-command"
. 
. Defining command \regexpatchcmd with sig. 's+m+m+m+m+m' on line 384.
.................................................
.................................................
. LaTeX info: "xparse/define-command"
. 
. Defining command \xpatchcmd with sig. 's+m+m+m+m+m' on line 390.
.................................................
.................................................
. LaTeX info: "xparse/define-command"
. 
. Defining command \xshowbibmacro with sig. 's+m' on line 403.
.................................................
.................................................
. LaTeX info: "xparse/define-command"
. 
. Defining command \xpretobibmacro with sig. '+m+m+m+m' on line 408.
.................................................
.................................................
. LaTeX info: "xparse/define-command"
. 
. Defining command \xapptobibmacro with sig. '+m+m+m+m' on line 413.
.................................................
.................................................
. LaTeX info: "xparse/define-command"
. 
. Defining command \xpatchbibmacro with sig. 's+m+m+m+m+m' on line 425.
.................................................
.................................................
. LaTeX info: "xparse/define-command"
. 
. Defining command \regexpatchbibmacro with sig. 's+m+m+m+m+m' on line 437.
.................................................
.................................................
. LaTeX info: "xparse/define-command"
. 
. Defining command \xshowbibdriver with sig. 's+m' on line 450.
.................................................
.................................................
. LaTeX info: "xparse/define-command"
. 
. Defining command \xpretobibdriver with sig. '+m+m+m+m' on line 452.
.................................................
.................................................
. LaTeX info: "xparse/define-command"
. 
. Defining command \xapptobibdriver with sig. '+m+m+m+m' on line 454.
.................................................
.................................................
. LaTeX info: "xparse/define-command"
. 
. Defining command \xpatchbibdriver with sig. 's+m+m+m+m+m' on line 460.
.................................................
.................................................
. LaTeX info: "xparse/define-command"
. 
. Defining command \regexpatchbibdriver with sig. 's+m+m+m+m+m' on line 466.
.................................................
.................................................
. LaTeX info: "xparse/define-command"
. 
. Defining command \xshowfieldformat with sig. 'sO{*}+m' on line 479.
.................................................
.................................................
. LaTeX info: "xparse/define-command"
. 
. Defining command \xpretofieldformat with sig. 'sO{*}+m+m+m+m' on line 491.
.................................................
.................................................
. LaTeX info: "xparse/define-command"
. 
. Defining command \xapptofieldformat with sig. 'sO{*}+m+m+m+m' on line 503.
.................................................
.................................................
. LaTeX info: "xparse/define-command"
. 
. Defining command \xpatchfieldformat with sig. 'sO{*}+m+m+m+m+m' on line 515.
.................................................
.................................................
. LaTeX info: "xparse/define-command"
. 
. Defining command \regexpatchfieldformat with sig. 'sO{*}+m+m+m+m+m' on line
. 527.
.................................................
.................................................
. LaTeX info: "xparse/define-command"
. 
. Defining command \xshownameformat with sig. 'sO{*}+m' on line 541.
.................................................
.................................................
. LaTeX info: "xparse/define-command"
. 
. Defining command \xpretonameformat with sig. 'sO{*}+m+m+m+m' on line 553.
.................................................
.................................................
. LaTeX info: "xparse/define-command"
. 
. Defining command \xapptonameformat with sig. 'sO{*}+m+m+m+m' on line 565.
.................................................
.................................................
. LaTeX info: "xparse/define-command"
. 
. Defining command \xpatchnameformat with sig. 'sO{*}+m+m+m+m+m' on line 577.
.................................................
.................................................
. LaTeX info: "xparse/define-command"
. 
. Defining command \regexpatchnameformat with sig. 'sO{*}+m+m+m+m+m' on line
. 589.
.................................................
.................................................
. LaTeX info: "xparse/define-command"
. 
. Defining command \xshowlistformat with sig. 'sO{*}+m' on line 603.
.................................................
.................................................
. LaTeX info: "xparse/define-command"
. 
. Defining command \xpretolistformat with sig. 'sO{*}+m+m+m+m' on line 615.
.................................................
.................................................
. LaTeX info: "xparse/define-command"
. 
. Defining command \xapptolistformat with sig. 'sO{*}+m+m+m+m' on line 627.
.................................................
.................................................
. LaTeX info: "xparse/define-command"
. 
. Defining command \xpatchlistformat with sig. 'sO{*}+m+m+m+m+m' on line 639.
.................................................
.................................................
. LaTeX info: "xparse/define-command"
. 
. Defining command \regexpatchlistformat with sig. 'sO{*}+m+m+m+m+m' on line
. 651.
.................................................
.................................................
. LaTeX info: "xparse/define-command"
. 
. Defining command \xshowindexfieldformat with sig. 'sO{*}+m' on line 665.
.................................................
.................................................
. LaTeX info: "xparse/define-command"
. 
. Defining command \xpretoindexfieldformat with sig. 'sO{*}+m+m+m+m' on line
. 677.
.................................................
.................................................
. LaTeX info: "xparse/define-command"
. 
. Defining command \xapptoindexfieldformat with sig. 'sO{*}+m+m+m+m' on line
. 689.
.................................................
.................................................
. LaTeX info: "xparse/define-command"
. 
. Defining command \xpatchindexfieldformat with sig. 'sO{*}+m+m+m+m+m' on line
. 701.
.................................................
.................................................
. LaTeX info: "xparse/define-command"
. 
. Defining command \regexpatchindexfieldformat with sig. 'sO{*}+m+m+m+m+m' on
. line 713.
.................................................
.................................................
. LaTeX info: "xparse/define-command"
. 
. Defining command \xshowindexnameformat with sig. 'sO{*}+m' on line 727.
.................................................
.................................................
. LaTeX info: "xparse/define-command"
. 
. Defining command \xpretoindexnameformat with sig. 'sO{*}+m+m+m+m' on line
. 739.
.................................................
.................................................
. LaTeX info: "xparse/define-command"
. 
. Defining command \xapptoindexnameformat with sig. 'sO{*}+m+m+m+m' on line
. 751.
.................................................
.................................................
. LaTeX info: "xparse/define-command"
. 
. Defining command \xpatchindexnameformat with sig. 'sO{*}+m+m+m+m+m' on line
. 763.
.................................................
.................................................
. LaTeX info: "xparse/define-command"
. 
. Defining command \regexpatchindexnameformat with sig. 'sO{*}+m+m+m+m+m' on
. line 775.
.................................................
.................................................
. LaTeX info: "xparse/define-command"
. 
. Defining command \xshowindexlistformat with sig. 'sO{*}+m' on line 789.
.................................................
.................................................
. LaTeX info: "xparse/define-command"
. 
. Defining command \xpretoindexlistformat with sig. 'sO{*}+m+m+m+m' on line
. 801.
.................................................
.................................................
. LaTeX info: "xparse/define-command"
. 
. Defining command \xapptoindexlistformat with sig. 'sO{*}+m+m+m+m' on line
. 813.
.................................................
.................................................
. LaTeX info: "xparse/define-command"
. 
. Defining command \xpatchindexlistformat with sig. 'sO{*}+m+m+m+m+m' on line
. 825.
.................................................
.................................................
. LaTeX info: "xparse/define-command"
. 
. Defining command \regexpatchindexlistformat with sig. 'sO{*}+m+m+m+m+m' on
. line 837.
.................................................
.................................................
. LaTeX info: "xparse/define-command"
. 
. Defining command \checkpatchable with sig. '+m' on line 844.
.................................................
.................................................
. LaTeX info: "xparse/define-command"
. 
. Defining command \xpatchoptarg with sig. '+m+m' on line 873.
.................................................
.................................................
. LaTeX info: "xparse/define-command"
. 
. Defining command \tracingxpatches with sig. 'O{1}' on line 879.
.................................................
.................................................
. LaTeX info: "xparse/define-command"
. 
. Defining command \xpatchparametertext with sig. '+m+m+m+m+m' on line 892.
.................................................
)) (/usr/share/texlive/texmf-dist/tex/latex/hyperref/hyperref.sty
Package: hyperref 2012/11/06 v6.83m Hypertext links for LaTeX

(/usr/share/texlive/texmf-dist/tex/generic/oberdiek/hobsub-hyperref.sty
Package: hobsub-hyperref 2012/05/28 v1.13 Bundle oberdiek, subset hyperref (HO)


(/usr/share/texlive/texmf-dist/tex/generic/oberdiek/hobsub-generic.sty
Package: hobsub-generic 2012/05/28 v1.13 Bundle oberdiek, subset generic (HO)
Package: hobsub 2012/05/28 v1.13 Construct package bundles (HO)
Package hobsub Info: Skipping package `infwarerr' (already loaded).
Package hobsub Info: Skipping package `ltxcmds' (already loaded).
Package: ifluatex 2010/03/01 v1.3 Provides the ifluatex switch (HO)
Package ifluatex Info: LuaTeX not detected.
Package: ifvtex 2010/03/01 v1.5 Detect VTeX and its facilities (HO)
Package ifvtex Info: VTeX not detected.
Package: intcalc 2007/09/27 v1.1 Expandable calculations with integers (HO)
Package hobsub Info: Skipping package `ifpdf' (already loaded).
Package: etexcmds 2011/02/16 v1.5 Avoid name clashes with e-TeX commands (HO)
Package etexcmds Info: Could not find \expanded.
(etexcmds)             That can mean that you are not using pdfTeX 1.50 or
(etexcmds)             that some package has redefined \expanded.
(etexcmds)             In the latter case, load this package earlier.
Package: kvsetkeys 2012/04/25 v1.16 Key value parser (HO)
Package: kvdefinekeys 2011/04/07 v1.3 Define keys (HO)
Package: pdftexcmds 2011/11/29 v0.20 Utility functions of pdfTeX for LuaTeX (HO
)
Package pdftexcmds Info: LuaTeX not detected.
Package pdftexcmds Info: \pdf@primitive is available.
Package pdftexcmds Info: \pdf@ifprimitive is available.
Package pdftexcmds Info: \pdfdraftmode found.
Package: pdfescape 2011/11/25 v1.13 Implements pdfTeX's escape features (HO)
Package: bigintcalc 2012/04/08 v1.3 Expandable calculations on big integers (HO
)
Package: bitset 2011/01/30 v1.1 Handle bit-vector datatype (HO)
Package: uniquecounter 2011/01/30 v1.2 Provide unlimited unique counter (HO)
)
Package hobsub Info: Skipping package `hobsub' (already loaded).
Package: letltxmacro 2010/09/02 v1.4 Let assignment for LaTeX macros (HO)
Package: hopatch 2012/05/28 v1.2 Wrapper for package hooks (HO)
Package: xcolor-patch 2011/01/30 xcolor patch
Package: atveryend 2011/06/30 v1.8 Hooks at the very end of document (HO)
Package hobsub Info: Skipping package `atbegshi' (already loaded).
Package: refcount 2011/10/16 v3.4 Data extraction from label references (HO)
Package: hycolor 2011/01/30 v1.7 Color options for hyperref/bookmark (HO)
)
(/usr/share/texlive/texmf-dist/tex/generic/ifxetex/ifxetex.sty
Package: ifxetex 2010/09/12 v0.6 Provides ifxetex conditional
)
(/usr/share/texlive/texmf-dist/tex/latex/oberdiek/auxhook.sty
Package: auxhook 2011/03/04 v1.3 Hooks for auxiliary files (HO)
)
(/usr/share/texlive/texmf-dist/tex/latex/oberdiek/kvoptions.sty
Package: kvoptions 2011/06/30 v3.11 Key value format for package options (HO)
)
\@linkdim=\dimen178
\Hy@linkcounter=\count289
\Hy@pagecounter=\count290

(/usr/share/texlive/texmf-dist/tex/latex/hyperref/pd1enc.def
File: pd1enc.def 2012/11/06 v6.83m Hyperref: PDFDocEncoding definition (HO)
Now handling font encoding PD1 ...
... no UTF-8 mapping file for font encoding PD1
)
\Hy@SavedSpaceFactor=\count291

(/usr/share/texlive/texmf-dist/tex/latex/latexconfig/hyperref.cfg
File: hyperref.cfg 2002/06/06 v1.2 hyperref configuration of TeXLive
)
Package hyperref Info: Option `unicode' set `true' on input line 4319.

(/usr/share/texlive/texmf-dist/tex/latex/hyperref/puenc.def
File: puenc.def 2012/11/06 v6.83m Hyperref: PDF Unicode definition (HO)
Now handling font encoding PU ...
... no UTF-8 mapping file for font encoding PU
)
Package hyperref Info: Option `colorlinks' set `true' on input line 4319.
Package hyperref Info: Option `hyperindex' set `true' on input line 4319.
Package hyperref Info: Option `plainpages' set `false' on input line 4319.
Package hyperref Info: Hyper figures OFF on input line 4443.
Package hyperref Info: Link nesting OFF on input line 4448.
Package hyperref Info: Hyper index ON on input line 4451.
Package hyperref Info: Plain pages OFF on input line 4458.
Package hyperref Info: Backreferencing OFF on input line 4463.
Package hyperref Info: Implicit mode ON; LaTeX internals redefined.
Package hyperref Info: Bookmarks ON on input line 4688.
\c@Hy@tempcnt=\count292
LaTeX Info: Redefining \url on input line 5041.
\XeTeXLinkMargin=\dimen179
\Fld@menulength=\count293
\Field@Width=\dimen180
\Fld@charsize=\dimen181
Package hyperref Info: Hyper figures OFF on input line 6295.
Package hyperref Info: Link nesting OFF on input line 6300.
Package hyperref Info: Hyper index ON on input line 6303.
Package hyperref Info: backreferencing OFF on input line 6310.
Package hyperref Info: Link coloring ON on input line 6313.
Package hyperref Info: Link coloring with OCG OFF on input line 6320.
Package hyperref Info: PDF/A mode OFF on input line 6325.
LaTeX Info: Redefining \ref on input line 6365.
LaTeX Info: Redefining \pageref on input line 6369.
\Hy@abspage=\count294
\c@Item=\count295
\c@Hfootnote=\count296
)

Package hyperref Message: Driver: hpdftex.

(/usr/share/texlive/texmf-dist/tex/latex/hyperref/hpdftex.def
File: hpdftex.def 2012/11/06 v6.83m Hyperref driver for pdfTeX
\Fld@listcount=\count297
\c@bookmark@seq@number=\count298

(/usr/share/texlive/texmf-dist/tex/latex/oberdiek/rerunfilecheck.sty
Package: rerunfilecheck 2011/04/15 v1.7 Rerun checks for auxiliary files (HO)
Package uniquecounter Info: New unique counter `rerunfilecheck' on input line 2
82.
)
\Hy@SectionHShift=\skip80
)
(/usr/share/texlive/texmf-dist/tex/latex/oberdiek/hypcap.sty
Package: hypcap 2011/02/16 v1.11 Adjusting the anchors of captions (HO)
)
\enitdp@checklist=\count299

(/usr/share/texlive/texmf-dist/tex/latex/lipsum/lipsum.sty
Package: lipsum 2014/07/27 v1.3 150 paragraphs of Lorem Ipsum dummy text
\c@lips@count=\count300
)
.................................................
. LaTeX info: "xparse/redefine-command"
. 
. Redefining command \blindtext with sig. 'O{\value {blindtext}}' on line 185.
.................................................
.................................................
. LaTeX info: "xparse/redefine-command"
. 
. Redefining command \Blindtext with sig. 'O{\value {blindtext}}O{\value
. {Blindtext}}' on line 188.
.................................................


LaTeX Warning: Unused global option(s):
    [pdftex].

No file projekt.aux.
\openout1 = `projekt.aux'.

LaTeX Font Info:    Checking defaults for OML/cmm/m/it on input line 191.
LaTeX Font Info:    ... okay on input line 191.
LaTeX Font Info:    Checking defaults for T1/cmr/m/n on input line 191.
LaTeX Font Info:    ... okay on input line 191.
LaTeX Font Info:    Checking defaults for OT1/cmr/m/n on input line 191.
LaTeX Font Info:    ... okay on input line 191.
LaTeX Font Info:    Checking defaults for OMS/cmsy/m/n on input line 191.
LaTeX Font Info:    ... okay on input line 191.
LaTeX Font Info:    Checking defaults for OMX/cmex/m/n on input line 191.
LaTeX Font Info:    ... okay on input line 191.
LaTeX Font Info:    Checking defaults for U/cmr/m/n on input line 191.
LaTeX Font Info:    ... okay on input line 191.
LaTeX Font Info:    Checking defaults for PD1/pdf/m/n on input line 191.
LaTeX Font Info:    ... okay on input line 191.
LaTeX Font Info:    Checking defaults for PU/pdf/m/n on input line 191.
LaTeX Font Info:    ... okay on input line 191.
LaTeX Font Info:    Try loading font information for T1+lmr on input line 191.
LaTeX Font Info:    No file T1lmr.fd. on input line 191.

LaTeX Font Warning: Font shape `T1/lmr/m/n' undefined
(Font)              using `T1/cmr/m/n' instead on input line 191.

ABD: EverySelectfont initializing macros
LaTeX Info: Redefining \selectfont on input line 191.

(/usr/share/texlive/texmf-dist/tex/context/base/supp-pdf.mkii
[Loading MPS to PDF converter (version 2006.09.02).]
\scratchcounter=\count301
\scratchdimen=\dimen182
\scratchbox=\box54
\nofMPsegments=\count302
\nofMParguments=\count303
\everyMPshowfont=\toks32
\MPscratchCnt=\count304
\MPscratchDim=\dimen183
\MPnumerator=\count305
\makeMPintoPDFobject=\count306
\everyMPtoPDFconversion=\toks33
)
\AtBeginShipoutBox=\box55
 (/usr/share/texlive/texmf-dist/tex/latex/oberdiek/epstopdf-base.sty
Package: epstopdf-base 2010/02/09 v2.5 Base part for package epstopdf

(/usr/share/texlive/texmf-dist/tex/latex/oberdiek/grfext.sty
Package: grfext 2010/08/19 v1.1 Manage graphics extensions (HO)
)
Package grfext Info: Graphics extension search list:
(grfext)             [.png,.pdf,.jpg,.mps,.jpeg,.jbig2,.jb2,.PNG,.PDF,.JPG,.JPE
G,.JBIG2,.JB2,.eps]
(grfext)             \AppendGraphicsExtensions on input line 452.

(/usr/share/texlive/texmf-dist/tex/latex/latexconfig/epstopdf-sys.cfg
File: epstopdf-sys.cfg 2010/07/13 v1.3 Configuration of (r)epstopdf for TeX Liv
e
))
(/usr/share/texlive/texmf-dist/tex/latex/oberdiek/pdflscape.sty
Package: pdflscape 2008/08/11 v0.10 Display of landscape pages in PDF (HO)

(/usr/share/texlive/texmf-dist/tex/latex/graphics/lscape.sty
Package: lscape 2000/10/22 v3.01 Landscape Pages (DPC)
)
Package pdflscape Info: Auto-detected driver: pdftex on input line 80.
)
\c@lstlisting=\count307
Package hyperref Info: Link coloring ON on input line 191.

(/usr/share/texlive/texmf-dist/tex/latex/hyperref/nameref.sty
Package: nameref 2012/10/27 v2.43 Cross-referencing by name of section

(/usr/share/texlive/texmf-dist/tex/generic/oberdiek/gettitlestring.sty
Package: gettitlestring 2010/12/03 v1.4 Cleanup title references (HO)
)
\c@section@level=\count308
)
LaTeX Info: Redefining \ref on input line 191.
LaTeX Info: Redefining \pageref on input line 191.
LaTeX Info: Redefining \nameref on input line 191.
\@outlinefile=\write3
\openout3 = `projekt.out'.

LaTeX Font Info:    Try loading font information for T1+qhv on input line 197.
LaTeX Font Info:    No file T1qhv.fd. on input line 197.


LaTeX Font Warning: Font shape `T1/qhv/m/n' undefined
(Font)              using `T1/cmr/m/n' instead on input line 197.

\@obrlogo=\box56
\@rtext=\box57
\@vyskartext=\skip81
\@sirkartext=\skip82
\@vyskaobr=\skip83
\@sirkaobr=\skip84

<template-fig/VUT_symbol_barevne_CMYK_CZ.pdf, id=5, 167.13641pt x 165.87971pt>
File: template-fig/VUT_symbol_barevne_CMYK_CZ.pdf Graphic file (type pdf)

<use template-fig/VUT_symbol_barevne_CMYK_CZ.pdf>
Package pdftex.def Info: template-fig/VUT_symbol_barevne_CMYK_CZ.pdf used on in
put line 197.
(pdftex.def)             Requested size: 116.65646pt x 115.17995pt.


LaTeX Font Warning: Font shape `T1/qhv/m/n' in size <18> not available
(Font)              size <17.28> substituted on input line 197.

LaTeX Font Info:    Try loading font information for T1+fos on input line 197.
LaTeX Font Info:    No file T1fos.fd. on input line 197.

LaTeX Font Warning: Font shape `T1/fos/m/n' undefined
(Font)              using `T1/cmr/m/n' instead on input line 197.


LaTeX Font Warning: Font shape `T1/cmr/m/n' in size <18> not available
(Font)              size <17.28> substituted on input line 197.


LaTeX Font Warning: Font shape `T1/fos/bx/n' undefined
(Font)              using `T1/fos/m/n' instead on input line 197.


LaTeX Font Warning: Font shape `T1/fos/m/n' in size <18> not available
(Font)              size <17.28> substituted on input line 197.


LaTeX Font Warning: Font shape `T1/fos/bx/n' in size <18> not available
(Font)              size <17.28> substituted on input line 197.


! Package pdfpages Error: Cannot find file `zadani.pdf'.

See the pdfpages package documentation for explanation.
Type  H <return>  for immediate help.
 ...                                              
                                                  
l.197   \setlength
                  {\parskip}{0pt}
? 
! Undefined control sequence.
\AM@checklast ...pii \\ \@tempcntb =\AM@pagecount 
                                                  \relax \ifAM@DVIoutput \if...
l.197   \setlength
                  {\parskip}{0pt}
? 
! Missing number, treated as zero.
<to be read again> 
                   \relax 
l.197   \setlength
                  {\parskip}{0pt}
? 
Runaway argument?
\expandafter \AM@setphantomdoc \AM@doclist ,\END \ifthenelse {\boolean \ETC.
! Paragraph ended before \AM@gobble was complete.
<to be read again> 
                   \par 
l.197   \setlength
                  {\parskip}{0pt}
? 
[1

{/var/lib/texmf/fonts/map/pdftex/updmap/pdftex.map} <./template-fig/VUT_symbol_
barevne_CMYK_CZ.pdf>]

LaTeX Font Warning: Font shape `T1/lmr/m/n' in size <16> not available
(Font)              size <17.28> substituted on input line 197.


LaTeX Font Warning: Font shape `T1/lmr/bx/n' undefined
(Font)              using `T1/lmr/m/n' instead on input line 197.


LaTeX Font Warning: Font shape `T1/lmr/bx/n' in size <16> not available
(Font)              size <17.28> substituted on input line 197.


LaTeX Font Warning: Font shape `T1/lmr/m/it' undefined
(Font)              using `T1/lmr/m/n' instead on input line 197.

[2]

LaTeX Font Warning: Font shape `T1/lmr/m/n' in size <18> not available
(Font)              size <17.28> substituted on input line 197.


LaTeX Font Warning: Font shape `T1/lmr/bx/n' in size <18> not available
(Font)              size <17.28> substituted on input line 197.

[3]
\tf@toc=\write4
\openout4 = `projekt.toc'.

 (./kapitoly/1-uvod.texpdfTeX warning (ext4): destination with the same identif
ier (name{page.1}) has been already used, duplicate ignored
<to be read again> 
                   \relax 
l.1 \chapter
            {vod} [1


]
Kapitola 1.

Package blindtext Warning: czech not defined, using English instead.
(blindtext)                 on input line 3.


Package blindtext Warning: czech not defined, using English instead.
(blindtext)                 on input line 7.


LaTeX Warning: Citation `bib:stanek' on page 2 undefined on input line 8.

) (./kapitoly/2-rozbor.texpdfTeX warning (ext4): destination with the same iden
tifier (name{page.2}) has been already used, duplicate ignored
<to be read again> 
                   \relax 
l.1 \chapter
            {Rozbor een problematiky} [2

]
Kapitola 2.

LaTeX Warning: Citation `bib:portal-liferay' on page 3 undefined on input line 
5.


LaTeX Warning: Citation `bib:portal-indiana' on page 3 undefined on input line 
7.


Package blindtext Warning: czech not defined, using English instead.
(blindtext)                 on input line 10.

<<ot1.cmap>><<oml.cmap>><<oms.cmap>><<omx.cmap>>
LaTeX Font Info:    Try loading font information for U+msa on input line 13.

(/usr/share/texlive/texmf-dist/tex/latex/amsfonts/umsa.fd
File: umsa.fd 2013/01/14 v3.01 AMS symbols A
)
LaTeX Font Info:    Try loading font information for U+msb on input line 13.

(/usr/share/texlive/texmf-dist/tex/latex/amsfonts/umsb.fd
File: umsb.fd 2013/01/14 v3.01 AMS symbols B
)
LaTeX Font Info:    Try loading font information for T1+lmtt on input line 13.
LaTeX Font Info:    No file T1lmtt.fd. on input line 13.


LaTeX Font Warning: Font shape `T1/lmtt/m/n' undefined
(Font)              using `T1/cmr/m/n' instead on input line 13.


LaTeX Warning: Citation `bib:cordis' on page 3 undefined on input line 13.


Package blindtext Warning: czech not defined, using English instead.
(blindtext)                 on input line 15.

pdfTeX warning (ext4): destination with the same identifier (name{page.3}) has 
been already used, duplicate ignored
<to be read again> 
                   \relax 
l.15 
      [3

]
Underfull \hbox (badness 2469) in paragraph at lines 18--18
[][][]\T1/lmtt/m/n/9 The Fun-ding & Ten-ders Por-tal: [][]$https : / / ec\OML/c
mm/m/it/9 :\T1/lmtt/m/n/9 europa\OML/cmm/m/it/9 :\T1/lmtt/m/n/9 eu / info / fun
ding -[] tenders / opportunities / portal /
 []


Package blindtext Warning: czech not defined, using English instead.
(blindtext)                 on input line 23.


LaTeX Warning: Citation `bib:web-development' on page 4 undefined on input line
 28.

[4]
! You can't use `macro parameter character #' in horizontal mode.
l.35 ...mezi n napklad Python, PHP, Java, C#
                                                  , C++, .NET, Ruby a dal...

? 

LaTeX Warning: Citation `bib:mvc' on page 5 undefined on input line 39.

<images/mvc.png, id=87, 630.355pt x 281.05pt>
File: images/mvc.png Graphic file (type png)
 <use images/mvc.png>
Package pdftex.def Info: images/mvc.png used on input line 45.
(pdftex.def)             Requested size: 432.4818pt x 192.82684pt.


LaTeX Warning: Citation `bib:mvc' on page 5 undefined on input line 46.

LaTeX Font Info:    Try loading font information for OMS+lmr on input line 51.
LaTeX Font Info:    No file OMSlmr.fd. on input line 51.

LaTeX Font Warning: Font shape `OMS/lmr/m/n' undefined
(Font)              using `OMS/cmsy/m/n' instead
(Font)              for symbol `textbullet' on input line 51.

[5 <./images/mvc.png>]

LaTeX Warning: Citation `bib:responsive' on page 6 undefined on input line 61.

<images/fb-hamburger-1.png, id=96, 722.7pt x 1284.8pt>
File: images/fb-hamburger-1.png Graphic file (type png)

<use images/fb-hamburger-1.png>
Package pdftex.def Info: images/fb-hamburger-1.png used on input line 80.
(pdftex.def)             Requested size: 204.85997pt x 364.19176pt.

<images/fb-hamburger-2.png, id=97, 722.7pt x 1284.8pt>
File: images/fb-hamburger-2.png Graphic file (type png)

<use images/fb-hamburger-2.png>
Package pdftex.def Info: images/fb-hamburger-2.png used on input line 82.
(pdftex.def)             Requested size: 204.85997pt x 364.19176pt.

! Argument of \Hy@tempa has an extra }.
<inserted text> 
                \par 
l.83 ...ps/details?id=com.facebook.katana&hl=cs}}}
                                                  
? 
Runaway argument?
\@captype {\@xfootnote }\def \reserved@b {\stepcounter \@mpfn \protected@xdef \
ETC.
! Paragraph ended before \Hy@tempa was complete.
<to be read again> 
                   \par 
l.83 ...ps/details?id=com.facebook.katana&hl=cs}}}
                                                  
? 
[6]

LaTeX Warning: Citation `bib:mobile-first' on page 7 undefined on input line 94
.


Overfull \hbox (8.21265pt too wide) in paragraph at lines 94--95
[]\T1/lmtt/m/n/10.95 V ppad vyuit tohoto principu pi samotn implementaci
 designu se postupuje obdobn.
 []


Overfull \hbox (1.6562pt too wide) in paragraph at lines 94--95
\T1/lmtt/m/n/10.95 uren pro desktopov zazen. Dky tomu bude samotn kd s
tyl zjednoduen. U mobilnch
 []


LaTeX Warning: Citation `bib:bootstrap' on page 7 undefined on input line 98.

[7 <./images/fb-hamburger-1.png> <./images/fb-hamburger-2.png>]
! Illegal parameter number in definition of \Hy@tempa.
<to be read again> 
                   /
l.100 ...{https://ng-bootstrap.github.io/#/home/}}
                                                  .
? 
! Illegal parameter number in definition of \Hy@tempa.
<to be read again> 
                   /
l.100 ...{https://ng-bootstrap.github.io/#/home/}}
                                                  .
? 

Overfull \hbox (0.3274pt too wide) in paragraph at lines 100--101
\T1/lmtt/m/n/10.95 pevn z kaskdovch styl, ale interaktivn prvky vyuva
j programovac jazyk JavaScript
 []


Overfull \hbox (2.49846pt too wide) in paragraph at lines 100--101
\T1/lmtt/m/n/10.95 s knihovnou jQuery[][][][][]. Pro interaktivn st ale exis
tuj i dal alternativy vyuvajc napklad
 []


LaTeX Warning: Reference `section:mobile-first' on page 8 undefined on input li
ne 102.


Overfull \hbox (8.45436pt too wide) in paragraph at lines 104--105
[]\T1/lmtt/m/n/10.95 Vzhledem ke sv rozshl komunit lze nalzt mnoho dalch
 uivateli tvoench komponent
 []


Package blindtext Warning: czech not defined, using English instead.
(blindtext)                 on input line 109.


LaTeX Warning: Citation `bib:flask-doc' on page 8 undefined on input line 113.


LaTeX Warning: Citation `bib:flask-pym' on page 8 undefined on input line 114.


Overfull \hbox (22.61806pt too wide) in paragraph at lines 113--115
\T1/lmtt/m/n/10.95 Klov znak micro-framework je co nejmen nebo i nulov z
vislost na externch knihovnch [[]].
 []

[8]

LaTeX Warning: Citation `bib:flask-design' on page 9 undefined on input line 11
6.


LaTeX Warning: Citation `bib:jinja' on page 9 undefined on input line 118.


LaTeX Warning: Citation `bib:flask-pep' on page 9 undefined on input line 119.


Overfull \hbox (7.19933pt too wide) in paragraph at lines 118--120
\T1/lmtt/m/n/10.95 knihovnou, kterou framework Flask vyuv je Werkzeug[][][][
][] - jedna z nejpokroilejch knihoven
 []


LaTeX Warning: Citation `bib:flask-pinterest' on page 9 undefined on input line
 121.


LaTeX Warning: Citation `bib:flask-lyft' on page 9 undefined on input line 122.



LaTeX Warning: Citation `bib:vue-progressive' on page 9 undefined on input line
 131.


LaTeX Warning: Citation `bib:vue-curve' on page 9 undefined on input line 132.


LaTeX Warning: Citation `bib:vue-binding' on page 9 undefined on input line 134
.


Overfull \hbox (16.64417pt too wide) in paragraph at lines 134--136
\T1/lmtt/m/n/10.95 znamen, e hodnota promnn v jazyce JavaScript je synchron
izovna s hodnotou v objektovm
 []


LaTeX Warning: Citation `bib:vue-router' on page 9 undefined on input line 139.


[9]

LaTeX Warning: Citation `bib:vuex-doc' on page 10 undefined on input line 144.


LaTeX Warning: Citation `bib:vuex-guide' on page 10 undefined on input line 149
.


LaTeX Warning: Reference `img:vuex-dataflow' on page 10 undefined on input line
 155.


Overfull \hbox (2.13533pt too wide) in paragraph at lines 157--158
\T1/lmtt/m/n/10.95 vhod, v tomto ppad je ale vyadovno mutace provdt syn
chronn kvli odstrann
 []

<images/vuex.png, id=178, 703.62875pt x 553.06625pt>
File: images/vuex.png Graphic file (type png)
 <use images/vuex.png>
Package pdftex.def Info: images/vuex.png used on input line 162.
(pdftex.def)             Requested size: 432.4818pt x 339.93541pt.


LaTeX Warning: Citation `bib:vuex-doc' on page 10 undefined on input line 163.

[10]

Package blindtext Warning: czech not defined, using English instead.
(blindtext)                 on input line 169.


LaTeX Warning: Citation `bib:bootstrap-vue' on page 11 undefined on input line 
172.


Overfull \hbox (17.22667pt too wide) in paragraph at lines 176--177
\T1/lmtt/m/n/10.95 jQuery nahrazuje za zvislost na Vue.js. Tento framework nab
z vechny komponenty pvodnho
 []

[11 <./images/vuex.png>]
Overfull \hbox (9.53484pt too wide) in paragraph at lines 178--180
\T1/lmtt/m/n/10.95 zklad ablony komponenty. Konvenc frameworku je takov pr
vky pojmenovvat s pedponou
 []


LaTeX Warning: Citation `bib:bootstrap-modal' on page 12 undefined on input lin
e 204.


Overfull \hbox (2.13861pt too wide) in paragraph at lines 206--207
[]\T1/lmtt/m/n/10.95 Pomoc BoostrapVue lze identickou komponentu zapsat mnohem
 elegantnjm zpsobem
 []


LaTeX Warning: Citation `bib:elastic-defnitive' on page 12 undefined on input l
ine 218.


Overfull \hbox (13.53986pt too wide) in paragraph at lines 222--223
[]\T1/lmtt/m/n/10.95 Tento vyhledva je hojn vyuvn jak menmi projekty, t
ak i svtoznmmi organizacemi.
 []


Overfull \hbox (13.70087pt too wide) in paragraph at lines 222--223
\T1/lmtt/m/n/10.95 Za zmnku stoj napklad internetov encyklopedie Wikipedia
[][][][][], britsk denk The Guardian[][][][][],
 []

[12]

LaTeX Warning: Citation `bib:elastic-what-is' on page 13 undefined on input lin
e 226.


LaTeX Warning: Citation `bib:elastic-concept' on page 13 undefined on input lin
e 229.


Overfull \hbox (16.60225pt too wide) in paragraph at lines 243--245
\T1/lmtt/m/n/10.95 zpracovn, tud bude zpracovn dotazu odbaveno vrazn ry
chleji. Pstup k takto rozdlenm
 []

[13]

Package blindtext Warning: czech not defined, using English instead.
(blindtext)                 on input line 270.

[14]

Package blindtext Warning: czech not defined, using English instead.
(blindtext)                 on input line 300.


Package blindtext Warning: czech not defined, using English instead.
(blindtext)                 on input line 308.


LaTeX Warning: Citation `bib:facet' on page 15 undefined on input line 310.


LaTeX Warning: Citation `bib:elastic-bucket' on page 15 undefined on input line
 313.

<images/heureka-facet.png, id=233, 315.1775pt x 601.24625pt>
File: images/heureka-facet.png Graphic file (type png)

<use images/heureka-facet.png>
Package pdftex.def Info: images/heureka-facet.png used on input line 319.
(pdftex.def)             Requested size: 151.37126pt x 288.76006pt.

! Argument of \Hy@tempa has an extra }.
<inserted text> 
                \par 
l.320 ...{Heureka: \url{https://www.heureka.cz/}}}
                                                  
? 
Runaway argument?
\@captype {\@xfootnote }\def \reserved@b {\stepcounter \@mpfn \protected@xdef \
ETC.
! Paragraph ended before \Hy@tempa was complete.
<to be read again> 
                   \par 
l.320 ...{Heureka: \url{https://www.heureka.cz/}}}
                                                  
? 
[15]

LaTeX Warning: Citation `bib:elastic-defnitive' on page 16 undefined on input l
ine 325.

[16 <./images/heureka-facet.png>]

LaTeX Warning: Citation `bib:elastic-fulltext' on page 17 undefined on input li
ne 358.

[17]

Package blindtext Warning: czech not defined, using English instead.
(blindtext)                 on input line 370.


LaTeX Warning: Citation `bib:elastic-clients' on page 18 undefined on input lin
e 373.


Underfull \hbox (badness 3930) in paragraph at lines 374--374
[][][]\T1/lmtt/m/n/9 Komunitn kli-enti Elas-tic-search: [][]$https : / / www\O
ML/cmm/m/it/9 :\T1/lmtt/m/n/9 elastic\OML/cmm/m/it/9 :\T1/lmtt/m/n/9 co / guide
 / en / elasticsearch / client / community /
 []


Overfull \hbox (1.83356pt too wide) in paragraph at lines 373--375
\T1/lmtt/m/n/10.95 Elasticsearch tak vyvj nkolik oficiln podporovanch n
zkorovovch klient pro mnoho
 []


LaTeX Warning: Citation `bib:elastic-utils' on page 18 undefined on input line 
376.


LaTeX Warning: Citation `bib:elastic-dsl' on page 18 undefined on input line 37
9.


Overfull \hbox (44.95772pt too wide) in paragraph at lines 381--382
[]\T1/lmtt/m/n/10.95 Elasticsearch DSL je rovn knihovna pro programovac jazy
k Python. Jedn se o vysokorovovou
 []


Overfull \hbox (17.05928pt too wide) in paragraph at lines 383--384
[]\T1/lmtt/m/n/10.95 Jako pklad mjme nsledujc dotaz, napsan s vyuitm o
ficiln knihovny elasticsearch-py. 
 []

[18]

Package blindtext Warning: czech not defined, using English instead.
(blindtext)                 on input line 426.

) (./kapitoly/3-implementace.tex [19] [20]
Kapitola 3.

Package blindtext Warning: czech not defined, using English instead.
(blindtext)                 on input line 3.

<obrazky-figures/placeholder.pdf, id=284, 151.87993pt x 85.31876pt>
File: obrazky-figures/placeholder.pdf Graphic file (type pdf)

<use obrazky-figures/placeholder.pdf>
Package pdftex.def Info: obrazky-figures/placeholder.pdf used on input line 11.

(pdftex.def)             Requested size: 432.4818pt x 242.95392pt.
 [21

]

Package blindtext Warning: czech not defined, using English instead.
(blindtext)                 on input line 16.


Package blindtext Warning: czech not defined, using English instead.
(blindtext)                 on input line 20.

[22 <./obrazky-figures/placeholder.pdf>]

Package blindtext Warning: czech not defined, using English instead.
(blindtext)                 on input line 25.


Package blindtext Warning: czech not defined, using English instead.
(blindtext)                 on input line 28.


Package blindtext Warning: czech not defined, using English instead.
(blindtext)                 on input line 31.


Package blindtext Warning: czech not defined, using English instead.
(blindtext)                 on input line 36.

[23]

Package blindtext Warning: czech not defined, using English instead.
(blindtext)                 on input line 39.

File: obrazky-figures/placeholder.pdf Graphic file (type pdf)
<use obrazky-figures/placeholder.pdf>
Package pdftex.def Info: obrazky-figures/placeholder.pdf used on input line 45.

(pdftex.def)             Requested size: 432.4818pt x 242.95392pt.

Overfull \hbox (5.02231pt too wide) in paragraph at lines 51--52
[]\T1/lmtt/m/n/10.95 Zbyl st hlaviky obsahuje vyhledvac pole. Do nj me
 bt vloen i velmi komplexn
 []

[24]

LaTeX Warning: Reference `section:sidebar' on page 25 undefined on input line 5
2.


Overfull \hbox (1.48535pt too wide) in paragraph at lines 52--53
\T1/lmtt/m/n/10.95 pro mn pokroil uivatele portlu, kterm posta tvoit 
jednoduch dotazy. Zrove
 []


Overfull \hbox (1.4675pt too wide) in paragraph at lines 52--53
\T1/lmtt/m/n/10.95 nejastji podl na projektech splujcch dan kriteria?^^
P. Postrann panel je podrobnji
 []


LaTeX Warning: Reference `image:portal-results' on page 25 undefined on input l
ine 56.


LaTeX Warning: Reference `image:portal-detail' on page 25 undefined on input li
ne 56.

File: obrazky-figures/placeholder.pdf Graphic file (type pdf)
<use obrazky-figures/placeholder.pdf>
Package pdftex.def Info: obrazky-figures/placeholder.pdf used on input line 60.

(pdftex.def)             Requested size: 432.4818pt x 242.95392pt.


Package blindtext Warning: czech not defined, using English instead.
(blindtext)                 on input line 68.

[25]

LaTeX Warning: Reference `section:Vue.js' on page 26 undefined on input line 81
.


Overfull \hbox (14.27592pt too wide) in paragraph at lines 81--82
\T1/lmtt/m/n/10.95 jsem se rozhodl toto een oproti pedchozmu een portl
u pepracovat s vyuitm technologie
 []


Overfull \hbox (22.79517pt too wide) in paragraph at lines 86--87
[]\T1/lmtt/m/n/10.95 Kad komponenta sidebar-facet ve vchozm stavu nabz ne
jve pt nejastji vyskytujcch
 []


Overfull \hbox (33.33963pt too wide) in paragraph at lines 86--87
\T1/lmtt/m/n/10.95 frameworku BoostrapVue b-collapse, kter v ppad poteby u
mouje danou fasetu minimalizovat.
 []

<images/my-facet.png, id=325, 314.17375pt x 409.53pt>
File: images/my-facet.png Graphic file (type png)

<use images/my-facet.png>
Package pdftex.def Info: images/my-facet.png used on input line 90.
(pdftex.def)             Requested size: 129.74585pt x 169.12067pt.
 [26]
Overfull \hbox (6.56535pt too wide) in paragraph at lines 95--96
[]\T1/lmtt/m/n/10.95 Oteven faseta ^^RCoord. Country^^P s jednou zvolenou mo
nost a dalmi tymi nejastji
 []

<images/my-modal.png, id=333, 814.04124pt x 630.355pt>
File: images/my-modal.png Graphic file (type png)

<use images/my-modal.png>
Package pdftex.def Info: images/my-modal.png used on input line 107.
(pdftex.def)             Requested size: 432.4818pt x 334.8945pt.
 [27 <./images/my-facet.png>]
Overfull \hbox (7.18292pt too wide) in paragraph at lines 124--126
\T1/lmtt/m/n/10.95 Samotn vyhledvn obstarv tda IndexSearch, pi svm vy
tvoen ulo vstupn parametry
 []

[28 <./images/my-modal.png>]
Overfull \hbox (1.89188pt too wide) in paragraph at lines 139--140
[]\T1/lmtt/m/n/10.95 Jedna ze struktur, kter je pot uloena do skladu knihovn
y Vuex me vypadat napklad
 []

[29]
Overfull \hbox (16.4213pt too wide) in paragraph at lines 195--196
\T1/lmtt/m/n/10.95 Protoe ve fasetch lze asynchronn vyhledvat, bylo nutn n
apsat aplikan rozhran propojujc
 []


Overfull \hbox (12.02034pt too wide) in paragraph at lines 197--198
\T1/lmtt/m/n/10.95 tomuto parametru vsledky funkce koresponduj s kontextem ak
tulnho vyhledvn v portlu.
 []


Overfull \hbox (5.34462pt too wide) in paragraph at lines 197--198
\T1/lmtt/m/n/10.95 Dalm parametrem je pak klov slovo nebo jeho st, kter
 se hled v dostupnch hodnotch
 []

[30]

Package blindtext Warning: czech not defined, using English instead.
(blindtext)                 on input line 202.

) (./kapitoly/4-vyhodnoceni.tex [31]
Kapitola 4.

Package blindtext Warning: czech not defined, using English instead.
(blindtext)                 on input line 3.


Package blindtext Warning: czech not defined, using English instead.
(blindtext)                 on input line 5.


Package blindtext Warning: czech not defined, using English instead.
(blindtext)                 on input line 8.

[32

]

Package blindtext Warning: czech not defined, using English instead.
(blindtext)                 on input line 11.


Package blindtext Warning: czech not defined, using English instead.
(blindtext)                 on input line 14.

) (./kapitoly/5-zaver.tex [33] [34]
Kapitola 5.

Package blindtext Warning: czech not defined, using English instead.
(blindtext)                 on input line 3.


Package blindtext Warning: czech not defined, using English instead.
(blindtext)                 on input line 5.

)
Overfull \hbox (1.84473pt too wide) in paragraph at lines 6--239
[]\T1/lmtt/m/n/10.95 een tto prce mi bylo pnosn pedevm rozenm ob
zor v oblasti prce s nerelan
 []

No file projekt.bbl.
\c@ttl@toc@chapters=\count309
\tf@ptc=\write5
\openout5 = `projekt.ptc'.

Package atveryend Info: Empty hook `BeforeClearDocument' on input line 336.
[35

]
Package atveryend Info: Empty hook `AfterLastShipout' on input line 336.
 (./projekt.aux
Runaway argument?
{\contentsline {figure}{\numberline {2.2}{\ignorespaces Hamburgerov\IeC \ETC.
! Paragraph ended before \@writefile was complete.
<to be read again> 
                   \par 
l.51 ...\v e} Facebook\let \reserved@d =[\def \par
                                                   }}{7}{figure.2.2}}
? 
! Extra }, or forgotten \endgroup.
l.51 ... e} Facebook\let \reserved@d =[\def \par }
                                                  }{7}{figure.2.2}}
? 
! Extra }, or forgotten \endgroup.
l.51 ...e} Facebook\let \reserved@d =[\def \par }}
                                                  {7}{figure.2.2}}
? 
! Extra }, or forgotten \endgroup.
l.51 ...\reserved@d =[\def \par }}{7}{figure.2.2}}
                                                  
? 
Runaway argument?
{\contentsline {figure}{\numberline {2.4}{\ignorespaces P\IeC {\v r}\IeC \ETC.
! Paragraph ended before \@writefile was complete.
<to be read again> 
                   \par 
l.92 ...\v c}i Heureka\let \reserved@d =[\def \par
                                                   }}{16}{figure.2.4}}
? 
! Extra }, or forgotten \endgroup.
l.92 ... c}i Heureka\let \reserved@d =[\def \par }
                                                  }{16}{figure.2.4}}
? 
! Extra }, or forgotten \endgroup.
l.92 ...c}i Heureka\let \reserved@d =[\def \par }}
                                                  {16}{figure.2.4}}
? 
! Extra }, or forgotten \endgroup.
l.92 ...reserved@d =[\def \par }}{16}{figure.2.4}}
                                                  
? 
)
Package atveryend Info: Executing hook `AtVeryEndDocument' on input line 336.
Package atveryend Info: Executing hook `AtEndAfterFileList' on input line 336.


Package rerunfilecheck Warning: File `projekt.out' has changed.
(rerunfilecheck)                Rerun to get outlines right
(rerunfilecheck)                or use package `bookmark'.

Package rerunfilecheck Info: Checksums for `projekt.out':
(rerunfilecheck)             Before: <no file>
(rerunfilecheck)             After:  B6E6482042BEE3E107887DFB06FBB560;5639.

LaTeX Font Warning: Size substitutions with differences
(Font)              up to 1.28pt have occurred.


LaTeX Font Warning: Some font shapes were not available, defaults substituted.


LaTeX Warning: There were undefined references.


LaTeX Warning: Label(s) may have changed. Rerun to get cross-references right.

 )
(\end occurred inside a group at level 1)

### semi simple group (level 1) entered at line 197 (\begingroup)
### bottom level
(\end occurred when \iftrue on line 197 was incomplete)
(\end occurred when \iftrue on line 197 was incomplete) 
Here is how much of TeX's memory you used:
 23072 strings out of 494919
 374190 string characters out of 6179680
 544875 words of memory out of 5000000
 25823 multiletter control sequences out of 15000+600000
 19644 words of font info for 52 fonts, out of 8000000 for 9000
 24 hyphenation exceptions out of 8191
 41i,10n,44p,10400b,650s stack positions out of 5000i,500n,10000p,200000b,80000s
pdfTeX warning (dest): n
ame{Hfootnote.29} has been referenced but does not exist, replaced by a fixed o
ne

pdfTeX warning (dest): name{Hfootnote.4} has been referenced but does not exist
, replaced by a fixed one

 </home/furdys/.texmf-var/fonts/pk/ljfour/jknappen/ec/ecrm0900.600pk> </home/fu
rdys/.texmf-var/fonts/pk/ljfour/jknappen/ec/ecrm0600.600pk> </home/furdys/.texm
f-var/fonts/pk/ljfour/jknappen/ec/ecrm0800.600pk> </home/furdys/.texmf-var/font
s/pk/ljfour/jknappen/ec/ecrm1200.600pk> </home/furdys/.texmf-var/fonts/pk/ljfou
r/jknappen/ec/ecrm2074.600pk> </home/furdys/.texmf-var/fonts/pk/ljfour/jknappen
/ec/ecrm2488.600pk> </home/furdys/.texmf-var/fonts/pk/ljfour/jknappen/ec/ecrm10
00.600pk> </home/furdys/.texmf-var/fonts/pk/ljfour/jknappen/ec/ecrm1440.600pk> 
</home/furdys/.texmf-var/fonts/pk/ljfour/jknappen/ec/ecrm1095.600pk> </home/fur
dys/.texmf-var/fonts/pk/ljfour/jknappen/ec/ecrm1728.600pk></usr/share/texlive/t
exmf-dist/fonts/type1/public/amsfonts/cm/cmmi9.pfb></usr/share/texlive/texmf-di
st/fonts/type1/public/amsfonts/cm/cmsy10.pfb>
Output written on projekt.pdf (38 pages, 1306116 bytes).
PDF statistics:
 893 PDF objects out of 1000 (max. 8388607)
 394 compressed objects within 4 object streams
 153 named destinations out of 1000 (max. 500000)
 72 words of extra memory for PDF output out of 10000 (max. 10000000)

