\BOOKMARK [0][-]{chapter.1}{\376\377\000\332\000v\000o\000d}{}% 1
\BOOKMARK [0][-]{chapter.2}{\376\377\000R\000o\000z\000b\000o\000r\000\040\001\131\000e\001\141\000e\000n\000\351\000\040\000p\000r\000o\000b\000l\000e\000m\000a\000t\000i\000k\000y}{}% 2
\BOOKMARK [1][-]{section.2.1}{\376\377\000V\000\375\000v\000o\000j\000\040\000w\000e\000b\000u}{chapter.2}% 3
\BOOKMARK [2][-]{subsection.2.1.1}{\376\377\000A\000r\000c\000h\000i\000t\000e\000k\000t\000u\000r\000a\000\040\000M\000V\000C}{section.2.1}% 4
\BOOKMARK [2][-]{subsection.2.1.2}{\376\377\000R\000e\000s\000p\000o\000n\000z\000i\000v\000i\000t\000a}{section.2.1}% 5
\BOOKMARK [2][-]{subsection.2.1.3}{\376\377\000P\000r\000i\000n\000c\000i\000p\000\040\000n\000e\000j\000d\001\131\000\355\000v\000e\000\040\000m\000o\000b\000i\000l}{section.2.1}% 6
\BOOKMARK [1][-]{section.2.2}{\376\377\000B\000o\000o\000s\000t\000r\000a\000p}{chapter.2}% 7
\BOOKMARK [1][-]{section.2.3}{\376\377\000P\000y\000t\000h\000o\000n}{chapter.2}% 8
\BOOKMARK [2][-]{subsection.2.3.1}{\376\377\000F\000l\000a\000s\000k}{section.2.3}% 9
\BOOKMARK [1][-]{section.2.4}{\376\377\000V\000u\000e\000.\000j\000s}{chapter.2}% 10
\BOOKMARK [2][-]{subsection.2.4.1}{\376\377\000V\000u\000e\000x}{section.2.4}% 11
\BOOKMARK [1][-]{section.2.5}{\376\377\000E\000l\000a\000s\000t\000i\000c\000s\000e\000a\000r\000c\000h}{chapter.2}% 12
\BOOKMARK [2][-]{subsection.2.5.1}{\376\377\000Z\000\341\000k\000l\000a\000d\000n\000\355\000\040\000s\000t\000r\000u\000k\000t\000u\000r\000a}{section.2.5}% 13
\BOOKMARK [2][-]{subsection.2.5.2}{\376\377\000D\000o\000t\000a\000z\000y}{section.2.5}% 14
\BOOKMARK [2][-]{subsection.2.5.3}{\376\377\000F\000a\000s\000e\000t\000o\000v\000\351\000\040\000v\000y\000h\000l\000e\000d\000\341\000v\000\341\000n\000\355}{section.2.5}% 15
\BOOKMARK [2][-]{subsection.2.5.4}{\376\377\000P\000l\000n\000o\000t\000e\000x\000t\000o\000v\000\351\000\040\000v\000y\000h\000l\000e\000d\000\341\000v\000\341\000n\000\355}{section.2.5}% 16
\BOOKMARK [2][-]{subsection.2.5.5}{\376\377\000K\000n\000i\000h\000o\000v\000n\000y}{section.2.5}% 17
\BOOKMARK [1][-]{section.2.6}{\376\377\000K\000o\000n\000t\000e\000x\000t\000o\000v\000\351\000\040\000p\000r\000o\000c\000h\000\341\000z\000e\000n\000\355}{chapter.2}% 18
\BOOKMARK [0][-]{chapter.3}{\376\377\000N\000\341\000v\000r\000h\000\040\000a\000\040\000i\000m\000p\000l\000e\000m\000e\000n\000t\000a\000c\000e\000\040\000s\000y\000s\000t\000\351\000m\000u}{}% 19
\BOOKMARK [1][-]{section.3.1}{\376\377\000S\000c\000h\000\351\000m\000a\000\040\000s\000y\000s\000t\000\351\000m\000u}{chapter.3}% 20
\BOOKMARK [1][-]{section.3.2}{\376\377\000E\000x\000t\000r\000a\000k\000t\000o\000r\000\040\000d\000a\000t}{chapter.3}% 21
\BOOKMARK [2][-]{subsection.3.2.1}{\376\377\000T\000\351\000m\000a\000t\000a\000\040\000v\000\375\000z\000e\000v}{section.3.2}% 22
\BOOKMARK [2][-]{subsection.3.2.2}{\376\377\000P\000r\000o\000j\000e\000k\000t\000y\000\040\000a\000\040\000o\000d\000e\000v\000z\000d\000\341\000v\000a\000n\000\351\000\040\000z\000p\000r\000\341\000v\000y}{section.3.2}% 23
\BOOKMARK [1][-]{section.3.3}{\376\377\000W\000e\000b\000o\000v\000\375\000\040\000p\000o\000r\000t\000\341\000l}{chapter.3}% 24
\BOOKMARK [2][-]{subsection.3.3.1}{\376\377\000V\000i\000z\000u\000\341\000l\000n\000\355\000\040\000p\000o\000d\000o\000b\000a}{section.3.3}% 25
\BOOKMARK [2][-]{subsection.3.3.2}{\376\377\000S\000t\000r\000u\000k\000t\000u\000r\000a\000\040\000a\000d\000r\000e\000s\000\341\001\131\000e}{section.3.3}% 26
\BOOKMARK [2][-]{subsection.3.3.3}{\376\377\000K\000o\000m\000p\000o\000n\000e\000n\000t\000y\000\040\000s\000y\000s\000t\000\351\000m\000u\000\040\000V\000u\000e\000.\000j\000s}{section.3.3}% 27
\BOOKMARK [2][-]{subsection.3.3.4}{\376\377\000I\000m\000p\000l\000e\000m\000e\000n\000t\000a\000c\000e\000\040\000v\000y\000h\000l\000e\000d\000\341\000v\000\341\000n\000\355}{section.3.3}% 28
\BOOKMARK [2][-]{subsection.3.3.5}{\376\377\000V\000y\000h\000l\000e\000d\000\341\000v\000\341\000n\000\355\000\040\000h\000o\000d\000n\000o\000t\000\040\000f\000a\000s\000e\000t}{section.3.3}% 29
\BOOKMARK [2][-]{subsection.3.3.6}{\376\377\000D\000o\000t\000a\000z\000o\000v\000a\000c\000\355\000\040\000j\000a\000z\000y\000k}{section.3.3}% 30
\BOOKMARK [2][-]{subsection.3.3.7}{\376\377\000M\000o\000d\000e\000l\000\040\000f\000a\000s\000e\000t\000y}{section.3.3}% 31
\BOOKMARK [0][-]{chapter.4}{\376\377\000E\000x\000p\000e\000r\000i\000m\000e\000n\000t\000y\000\040\000a\000\040\000v\000y\000h\000o\000d\000n\000o\000c\000e\000n\000\355}{}% 32
\BOOKMARK [1][-]{section.4.1}{\376\377\000T\000e\000s\000t\000o\000v\000\341\000n\000\355\000\040\000s\000\040\000u\001\176\000i\000v\000a\000t\000e\000l\000i}{chapter.4}% 33
\BOOKMARK [2][-]{subsection.4.1.1}{\376\377\000D\000o\000t\000a\000z\000n\000\355\000k\000\040\000u\001\176\000i\000v\000a\000t\000e\000l\000s\000k\000\351\000h\000o\000\040\000p\000r\000o\001\176\000i\000t\000k\000u}{section.4.1}% 34
\BOOKMARK [2][-]{subsection.4.1.2}{\376\377\000S\000l\000e\000d\000o\000v\000\341\000n\000\355\000\040\000c\000h\000o\000v\000\341\000n\000\355\000\040\000u\001\176\000i\000v\000a\000t\000e\000l\001\157}{section.4.1}% 35
\BOOKMARK [1][-]{section.4.2}{\376\377\000R\000y\000c\000h\000l\000o\000s\000t\000\040\000o\000b\000n\000o\000v\000y\000\040\000d\000a\000t}{chapter.4}% 36
\BOOKMARK [1][-]{section.4.3}{\376\377\000M\000o\001\176\000n\000o\000s\000t\000\040\000\372\000p\000r\000a\000v}{chapter.4}% 37
\BOOKMARK [0][-]{chapter.5}{\376\377\000Z\000\341\000v\001\033\000r}{}% 38
\BOOKMARK [0][-]{chapter*.24}{\376\377\000L\000i\000t\000e\000r\000a\000t\000u\000r\000a}{}% 39
\BOOKMARK [0][-]{appendix.A}{\376\377\000O\000b\000s\000a\000h\000\040\000p\001\131\000i\000l\000o\001\176\000e\000n\000\351\000h\000o\000\040\000C\000D}{}% 40
\BOOKMARK [0][-]{appendix.B}{\376\377\000P\001\131\000i\000l\000o\001\176\000e\000n\000\351\000\040\000o\000b\000r\000\341\000z\000k\000y}{}% 41
